{
  "stats": {
    "suites": 1,
    "tests": 1,
    "passes": 0,
    "pending": 0,
    "failures": 1,
    "start": "2021-04-19T21:45:47.792Z",
    "end": "2021-04-19T21:45:51.340Z",
    "duration": 3548,
    "testsRegistered": 4,
    "passPercent": 0,
    "pendingPercent": 0,
    "other": 0,
    "hasOther": false,
    "skipped": 3,
    "hasSkipped": true
  },
  "results": [
    {
      "uuid": "c470265d-89f2-4302-94f0-cfca06feabc2",
      "title": "",
      "fullFile": "cypress/integration/products/productsList/filteringProducts.js",
      "file": "cypress/integration/products/productsList/filteringProducts.js",
      "beforeHooks": [],
      "afterHooks": [],
      "tests": [],
      "suites": [
        {
          "uuid": "7ee3cef9-b52f-4024-93b2-11d3d90902b4",
          "title": "Products",
          "fullFile": "",
          "file": "",
          "beforeHooks": [],
          "afterHooks": [],
          "tests": [
            {
              "title": "should filter products by category",
              "fullTitle": "Products should filter products by category",
              "timedOut": null,
              "duration": 3512,
              "state": "failed",
              "speed": null,
              "pass": false,
              "fail": true,
              "pending": false,
              "context": "[\n  \"-- before all hook (failed).png\",\n  {\n    \"title\": \"Failed screenshot\",\n    \"value\": \"screenshots/products/productsList/filteringProducts.js/Products -- should filter products by category -- before all hook (failed).png\"\n  }\n]",
              "code": "return itCallback(func);",
              "err": {
                "message": "CypressError: `cy.request()` requires a `url`. You did not provide a `url`.\n\nhttps://on.cypress.io/request\n\nBecause this error occurred during a `before all` hook we are skipping the remaining tests in the current suite: `Products`\n\nAlthough you have test retries enabled, we do not retry tests when `before all` or `after all` hooks fail",
                "estack": "CypressError: `cy.request()` requires a `url`. You did not provide a `url`.\n\nhttps://on.cypress.io/request\n\nBecause this error occurred during a `before all` hook we are skipping the remaining tests in the current suite: `Products`\n\nAlthough you have test retries enabled, we do not retry tests when `before all` or `after all` hooks fail\n    at Context.request (http://localhost:9000/__cypress/runner/cypress_runner.js:160140:19)\nFrom Your Spec Code:\n    at Context.eval (http://localhost:9000/__cypress/tests?p=cypress/support/index.js:400:13)",
                "diff": null
              },
              "uuid": "094b365b-0db8-427c-800f-62b0a5eba90c",
              "parentUUID": "7ee3cef9-b52f-4024-93b2-11d3d90902b4",
              "isHook": false,
              "skipped": false
            },
            {
              "title": "should filter products by collection",
              "fullTitle": "Products should filter products by collection",
              "timedOut": null,
              "duration": 0,
              "state": "skipped",
              "speed": null,
              "pass": false,
              "fail": false,
              "pending": false,
              "context": null,
              "code": "return itCallback(func);",
              "err": {},
              "uuid": "37df5a88-74cd-4fec-b767-a1e3d6699db7",
              "parentUUID": "7ee3cef9-b52f-4024-93b2-11d3d90902b4",
              "isHook": false,
              "skipped": true
            },
            {
              "title": "should filter products by productType",
              "fullTitle": "Products should filter products by productType",
              "timedOut": null,
              "duration": 0,
              "state": "skipped",
              "speed": null,
              "pass": false,
              "fail": false,
              "pending": false,
              "context": null,
              "code": "return itCallback(func);",
              "err": {},
              "uuid": "5ffc14a6-7bd0-4dab-8df1-a7b83fa631f2",
              "parentUUID": "7ee3cef9-b52f-4024-93b2-11d3d90902b4",
              "isHook": false,
              "skipped": true
            },
            {
              "title": "should filter products out of stock",
              "fullTitle": "Products should filter products out of stock",
              "timedOut": null,
              "duration": 0,
              "state": "skipped",
              "speed": null,
              "pass": false,
              "fail": false,
              "pending": false,
              "context": null,
              "code": "return itCallback(func);",
              "err": {},
              "uuid": "875a33b8-0f3f-4ebe-a03c-2ec97df8ced1",
              "parentUUID": "7ee3cef9-b52f-4024-93b2-11d3d90902b4",
              "isHook": false,
              "skipped": true
            }
          ],
          "suites": [],
          "passes": [],
          "failures": [
            "094b365b-0db8-427c-800f-62b0a5eba90c"
          ],
          "pending": [],
          "skipped": [
            "37df5a88-74cd-4fec-b767-a1e3d6699db7",
            "5ffc14a6-7bd0-4dab-8df1-a7b83fa631f2",
            "875a33b8-0f3f-4ebe-a03c-2ec97df8ced1"
          ],
          "duration": 3512,
          "root": false,
          "rootEmpty": false,
          "_timeout": 2000
        }
      ],
      "passes": [],
      "failures": [],
      "pending": [],
      "skipped": [],
      "duration": 0,
      "root": true,
      "rootEmpty": true,
      "_timeout": 2000
    }
  ],
  "meta": {
    "mocha": {
      "version": "7.0.1"
    },
    "mochawesome": {
      "options": {
        "quiet": false,
        "reportFilename": "mochawesome",
        "saveHtml": false,
        "saveJson": true,
        "consoleReporter": "spec",
        "useInlineDiffs": false,
        "code": true
      },
      "version": "6.2.2"
    },
    "marge": {
      "options": {
        "id": "default",
        "reportDir": "cypress/results/json",
        "overwrite": false,
        "html": false,
        "json": true
      },
      "version": "5.2.0"
    }
  }
}