{
  "stats": {
    "suites": 1,
    "tests": 1,
    "passes": 0,
    "pending": 0,
    "failures": 1,
    "start": "2021-04-19T21:23:18.208Z",
    "end": "2021-04-19T21:23:21.854Z",
    "duration": 3646,
    "testsRegistered": 3,
    "passPercent": 0,
    "pendingPercent": 0,
    "other": 0,
    "hasOther": false,
    "skipped": 2,
    "hasSkipped": true
  },
  "results": [
    {
      "uuid": "5cb9fa7e-dd0f-4b3d-a341-2ee5d1f4fbea",
      "title": "",
      "fullFile": "cypress/integration/configuration/shippingMethod.js",
      "file": "cypress/integration/configuration/shippingMethod.js",
      "beforeHooks": [],
      "afterHooks": [],
      "tests": [],
      "suites": [
        {
          "uuid": "50faa868-e901-49ef-8aec-1932d88432f3",
          "title": "Shipping methods",
          "fullFile": "",
          "file": "",
          "beforeHooks": [],
          "afterHooks": [],
          "tests": [
            {
              "title": "should display different price for each channel",
              "fullTitle": "Shipping methods should display different price for each channel",
              "timedOut": null,
              "duration": 3601,
              "state": "failed",
              "speed": null,
              "pass": false,
              "fail": true,
              "pending": false,
              "context": "[\n  \"-- before all hook (failed).png\",\n  {\n    \"title\": \"Failed screenshot\",\n    \"value\": \"screenshots/configuration/shippingMethod.js/Shipping methods -- should display different price for each channel -- before all hook (failed).png\"\n  }\n]",
              "code": "return itCallback(func);",
              "err": {
                "message": "CypressError: `cy.request()` requires a `url`. You did not provide a `url`.\n\nhttps://on.cypress.io/request\n\nBecause this error occurred during a `before all` hook we are skipping the remaining tests in the current suite: `Shipping methods`\n\nAlthough you have test retries enabled, we do not retry tests when `before all` or `after all` hooks fail",
                "estack": "CypressError: `cy.request()` requires a `url`. You did not provide a `url`.\n\nhttps://on.cypress.io/request\n\nBecause this error occurred during a `before all` hook we are skipping the remaining tests in the current suite: `Shipping methods`\n\nAlthough you have test retries enabled, we do not retry tests when `before all` or `after all` hooks fail\n    at Context.request (http://localhost:9000/__cypress/runner/cypress_runner.js:160140:19)\nFrom Your Spec Code:\n    at Context.eval (http://localhost:9000/__cypress/tests?p=cypress/support/index.js:400:13)",
                "diff": null
              },
              "uuid": "14f2ba7d-e59c-4725-a851-5fc145bee222",
              "parentUUID": "50faa868-e901-49ef-8aec-1932d88432f3",
              "isHook": false,
              "skipped": false
            },
            {
              "title": "should create price based shipping method",
              "fullTitle": "Shipping methods should create price based shipping method",
              "timedOut": null,
              "duration": 0,
              "state": "skipped",
              "speed": null,
              "pass": false,
              "fail": false,
              "pending": false,
              "context": null,
              "code": "return itCallback(func);",
              "err": {},
              "uuid": "349b3bf9-d9f2-4682-92db-91b8f9704df2",
              "parentUUID": "50faa868-e901-49ef-8aec-1932d88432f3",
              "isHook": false,
              "skipped": true
            },
            {
              "title": "should create weight based shipping method",
              "fullTitle": "Shipping methods should create weight based shipping method",
              "timedOut": null,
              "duration": 0,
              "state": "skipped",
              "speed": null,
              "pass": false,
              "fail": false,
              "pending": false,
              "context": null,
              "code": "return itCallback(func);",
              "err": {},
              "uuid": "fe1da216-a227-4ac4-ba53-c55d229bbb93",
              "parentUUID": "50faa868-e901-49ef-8aec-1932d88432f3",
              "isHook": false,
              "skipped": true
            }
          ],
          "suites": [],
          "passes": [],
          "failures": [
            "14f2ba7d-e59c-4725-a851-5fc145bee222"
          ],
          "pending": [],
          "skipped": [
            "349b3bf9-d9f2-4682-92db-91b8f9704df2",
            "fe1da216-a227-4ac4-ba53-c55d229bbb93"
          ],
          "duration": 3601,
          "root": false,
          "rootEmpty": false,
          "_timeout": 2000
        }
      ],
      "passes": [],
      "failures": [],
      "pending": [],
      "skipped": [],
      "duration": 0,
      "root": true,
      "rootEmpty": true,
      "_timeout": 2000
    }
  ],
  "meta": {
    "mocha": {
      "version": "7.0.1"
    },
    "mochawesome": {
      "options": {
        "quiet": false,
        "reportFilename": "mochawesome",
        "saveHtml": false,
        "saveJson": true,
        "consoleReporter": "spec",
        "useInlineDiffs": false,
        "code": true
      },
      "version": "6.2.2"
    },
    "marge": {
      "options": {
        "id": "default",
        "reportDir": "cypress/results/json",
        "overwrite": false,
        "html": false,
        "json": true
      },
      "version": "5.2.0"
    }
  }
}