{
  "stats": {
    "suites": 1,
    "tests": 1,
    "passes": 0,
    "pending": 0,
    "failures": 1,
    "start": "2021-04-19T21:45:38.055Z",
    "end": "2021-04-19T21:45:41.753Z",
    "duration": 3698,
    "testsRegistered": 2,
    "passPercent": 0,
    "pendingPercent": 0,
    "other": 0,
    "hasOther": false,
    "skipped": 1,
    "hasSkipped": true
  },
  "results": [
    {
      "uuid": "c1c8d8e0-4eab-46fb-81fb-f6be643a698c",
      "title": "",
      "fullFile": "cypress/integration/products/menageProducts/visibleInListingsProducts.js",
      "file": "cypress/integration/products/menageProducts/visibleInListingsProducts.js",
      "beforeHooks": [],
      "afterHooks": [],
      "tests": [],
      "suites": [
        {
          "uuid": "17d8a2ad-12f1-4bf5-a671-ec52ed759b32",
          "title": "Products displayed in listings",
          "fullFile": "",
          "file": "",
          "beforeHooks": [],
          "afterHooks": [],
          "tests": [
            {
              "title": "should update product to visible in listings",
              "fullTitle": "Products displayed in listings should update product to visible in listings",
              "timedOut": null,
              "duration": 3659,
              "state": "failed",
              "speed": null,
              "pass": false,
              "fail": true,
              "pending": false,
              "context": "[\n  \"-- before all hook (failed).png\",\n  {\n    \"title\": \"Failed screenshot\",\n    \"value\": \"screenshots/products/menageProducts/visibleInListingsProducts.js/Products displayed in listings -- should update product to visible in listings -- before all hook (failed).png\"\n  }\n]",
              "code": "return itCallback(func);",
              "err": {
                "message": "CypressError: `cy.request()` requires a `url`. You did not provide a `url`.\n\nhttps://on.cypress.io/request\n\nBecause this error occurred during a `before all` hook we are skipping the remaining tests in the current suite: `Products displayed in listings`\n\nAlthough you have test retries enabled, we do not retry tests when `before all` or `after all` hooks fail",
                "estack": "CypressError: `cy.request()` requires a `url`. You did not provide a `url`.\n\nhttps://on.cypress.io/request\n\nBecause this error occurred during a `before all` hook we are skipping the remaining tests in the current suite: `Products displayed in listings`\n\nAlthough you have test retries enabled, we do not retry tests when `before all` or `after all` hooks fail\n    at Context.request (http://localhost:9000/__cypress/runner/cypress_runner.js:160140:19)\nFrom Your Spec Code:\n    at Context.eval (http://localhost:9000/__cypress/tests?p=cypress/support/index.js:400:13)",
                "diff": null
              },
              "uuid": "cca63e5b-efc1-43a6-9a4e-ef00d588d28b",
              "parentUUID": "17d8a2ad-12f1-4bf5-a671-ec52ed759b32",
              "isHook": false,
              "skipped": false
            },
            {
              "title": "should update product to not visible in listings",
              "fullTitle": "Products displayed in listings should update product to not visible in listings",
              "timedOut": null,
              "duration": 0,
              "state": "skipped",
              "speed": null,
              "pass": false,
              "fail": false,
              "pending": false,
              "context": null,
              "code": "return itCallback(func);",
              "err": {},
              "uuid": "b25cbd31-031c-4d2f-ae84-84497eac5ef7",
              "parentUUID": "17d8a2ad-12f1-4bf5-a671-ec52ed759b32",
              "isHook": false,
              "skipped": true
            }
          ],
          "suites": [],
          "passes": [],
          "failures": [
            "cca63e5b-efc1-43a6-9a4e-ef00d588d28b"
          ],
          "pending": [],
          "skipped": [
            "b25cbd31-031c-4d2f-ae84-84497eac5ef7"
          ],
          "duration": 3659,
          "root": false,
          "rootEmpty": false,
          "_timeout": 2000
        }
      ],
      "passes": [],
      "failures": [],
      "pending": [],
      "skipped": [],
      "duration": 0,
      "root": true,
      "rootEmpty": true,
      "_timeout": 2000
    }
  ],
  "meta": {
    "mocha": {
      "version": "7.0.1"
    },
    "mochawesome": {
      "options": {
        "quiet": false,
        "reportFilename": "mochawesome",
        "saveHtml": false,
        "saveJson": true,
        "consoleReporter": "spec",
        "useInlineDiffs": false,
        "code": true
      },
      "version": "6.2.2"
    },
    "marge": {
      "options": {
        "id": "default",
        "reportDir": "cypress/results/json",
        "overwrite": false,
        "html": false,
        "json": true
      },
      "version": "5.2.0"
    }
  }
}