{
  "stats": {
    "suites": 1,
    "tests": 1,
    "passes": 0,
    "pending": 0,
    "failures": 1,
    "start": "2021-04-19T21:23:08.124Z",
    "end": "2021-04-19T21:23:11.883Z",
    "duration": 3759,
    "testsRegistered": 6,
    "passPercent": 0,
    "pendingPercent": 0,
    "other": 0,
    "hasOther": false,
    "skipped": 5,
    "hasSkipped": true
  },
  "results": [
    {
      "uuid": "03268727-c7c9-483c-9ab4-0fc85e38ce08",
      "title": "",
      "fullFile": "cypress/integration/configuration/channels.js",
      "file": "cypress/integration/configuration/channels.js",
      "beforeHooks": [],
      "afterHooks": [],
      "tests": [],
      "suites": [
        {
          "uuid": "fc06d3a6-ad42-4fb7-b6c5-75874ceec0e9",
          "title": "Channels",
          "fullFile": "",
          "file": "",
          "beforeHooks": [],
          "afterHooks": [],
          "tests": [
            {
              "title": "should navigate to channels page",
              "fullTitle": "Channels should navigate to channels page",
              "timedOut": null,
              "duration": 3713,
              "state": "failed",
              "speed": null,
              "pass": false,
              "fail": true,
              "pending": false,
              "context": "[\n  \"-- before all hook (failed).png\",\n  {\n    \"title\": \"Failed screenshot\",\n    \"value\": \"screenshots/configuration/channels.js/Channels -- should navigate to channels page -- before all hook (failed).png\"\n  }\n]",
              "code": "return itCallback(func);",
              "err": {
                "message": "CypressError: `cy.request()` requires a `url`. You did not provide a `url`.\n\nhttps://on.cypress.io/request\n\nBecause this error occurred during a `before all` hook we are skipping the remaining tests in the current suite: `Channels`\n\nAlthough you have test retries enabled, we do not retry tests when `before all` or `after all` hooks fail",
                "estack": "CypressError: `cy.request()` requires a `url`. You did not provide a `url`.\n\nhttps://on.cypress.io/request\n\nBecause this error occurred during a `before all` hook we are skipping the remaining tests in the current suite: `Channels`\n\nAlthough you have test retries enabled, we do not retry tests when `before all` or `after all` hooks fail\n    at Context.request (http://localhost:9000/__cypress/runner/cypress_runner.js:160140:19)\nFrom Your Spec Code:\n    at Context.eval (http://localhost:9000/__cypress/tests?p=cypress/support/index.js:400:13)",
                "diff": null
              },
              "uuid": "019872b9-24d4-4ac9-8052-94f77f8813f6",
              "parentUUID": "fc06d3a6-ad42-4fb7-b6c5-75874ceec0e9",
              "isHook": false,
              "skipped": false
            },
            {
              "title": "should create new channel",
              "fullTitle": "Channels should create new channel",
              "timedOut": null,
              "duration": 0,
              "state": "skipped",
              "speed": null,
              "pass": false,
              "fail": false,
              "pending": false,
              "context": null,
              "code": "return itCallback(func);",
              "err": {},
              "uuid": "0191f2fa-253a-4a8c-9495-64d346671823",
              "parentUUID": "fc06d3a6-ad42-4fb7-b6c5-75874ceec0e9",
              "isHook": false,
              "skipped": true
            },
            {
              "title": "should validate slug name",
              "fullTitle": "Channels should validate slug name",
              "timedOut": null,
              "duration": 0,
              "state": "skipped",
              "speed": null,
              "pass": false,
              "fail": false,
              "pending": false,
              "context": null,
              "code": "return itCallback(func);",
              "err": {},
              "uuid": "6d8aa229-1364-4ffb-8f31-a4f33394f499",
              "parentUUID": "fc06d3a6-ad42-4fb7-b6c5-75874ceec0e9",
              "isHook": false,
              "skipped": true
            },
            {
              "title": "should validate duplicated currency",
              "fullTitle": "Channels should validate duplicated currency",
              "timedOut": null,
              "duration": 0,
              "state": "skipped",
              "speed": null,
              "pass": false,
              "fail": false,
              "pending": false,
              "context": null,
              "code": "return itCallback(func);",
              "err": {},
              "uuid": "918d05eb-98dd-444b-9c53-59938cf34398",
              "parentUUID": "fc06d3a6-ad42-4fb7-b6c5-75874ceec0e9",
              "isHook": false,
              "skipped": true
            },
            {
              "title": "should delete channel",
              "fullTitle": "Channels should delete channel",
              "timedOut": null,
              "duration": 0,
              "state": "skipped",
              "speed": null,
              "pass": false,
              "fail": false,
              "pending": false,
              "context": null,
              "code": "return itCallback(func);",
              "err": {},
              "uuid": "d8e6af85-25c9-4ffe-8977-fb1e44ad9129",
              "parentUUID": "fc06d3a6-ad42-4fb7-b6c5-75874ceec0e9",
              "isHook": false,
              "skipped": true
            },
            {
              "title": "should not be possible to add products to order with inactive channel",
              "fullTitle": "Channels should not be possible to add products to order with inactive channel",
              "timedOut": null,
              "duration": 0,
              "state": "skipped",
              "speed": null,
              "pass": false,
              "fail": false,
              "pending": false,
              "context": null,
              "code": "return itCallback(func);",
              "err": {},
              "uuid": "2272df24-ea0b-4173-9ba2-4709fc4ce0b5",
              "parentUUID": "fc06d3a6-ad42-4fb7-b6c5-75874ceec0e9",
              "isHook": false,
              "skipped": true
            }
          ],
          "suites": [],
          "passes": [],
          "failures": [
            "019872b9-24d4-4ac9-8052-94f77f8813f6"
          ],
          "pending": [],
          "skipped": [
            "0191f2fa-253a-4a8c-9495-64d346671823",
            "6d8aa229-1364-4ffb-8f31-a4f33394f499",
            "918d05eb-98dd-444b-9c53-59938cf34398",
            "d8e6af85-25c9-4ffe-8977-fb1e44ad9129",
            "2272df24-ea0b-4173-9ba2-4709fc4ce0b5"
          ],
          "duration": 3713,
          "root": false,
          "rootEmpty": false,
          "_timeout": 2000
        }
      ],
      "passes": [],
      "failures": [],
      "pending": [],
      "skipped": [],
      "duration": 0,
      "root": true,
      "rootEmpty": true,
      "_timeout": 2000
    }
  ],
  "meta": {
    "mocha": {
      "version": "7.0.1"
    },
    "mochawesome": {
      "options": {
        "quiet": false,
        "reportFilename": "mochawesome",
        "saveHtml": false,
        "saveJson": true,
        "consoleReporter": "spec",
        "useInlineDiffs": false,
        "code": true
      },
      "version": "6.2.2"
    },
    "marge": {
      "options": {
        "id": "default",
        "reportDir": "cypress/results/json",
        "overwrite": false,
        "html": false,
        "json": true
      },
      "version": "5.2.0"
    }
  }
}