{
  "stats": {
    "suites": 1,
    "tests": 1,
    "passes": 0,
    "pending": 0,
    "failures": 1,
    "start": "2021-04-19T21:25:35.029Z",
    "end": "2021-04-19T21:25:38.536Z",
    "duration": 3507,
    "testsRegistered": 2,
    "passPercent": 0,
    "pendingPercent": 0,
    "other": 0,
    "hasOther": false,
    "skipped": 1,
    "hasSkipped": true
  },
  "results": [
    {
      "uuid": "6b2dd02d-3a24-4353-95fa-0179db18be65",
      "title": "",
      "fullFile": "cypress/integration/products/createProduct.js",
      "file": "cypress/integration/products/createProduct.js",
      "beforeHooks": [],
      "afterHooks": [],
      "tests": [],
      "suites": [
        {
          "uuid": "c3cfdc9e-5fac-49bd-bb6e-abacb2258d9f",
          "title": "Create product",
          "fullFile": "",
          "file": "",
          "beforeHooks": [],
          "afterHooks": [],
          "tests": [
            {
              "title": "should create product with variants",
              "fullTitle": "Create product should create product with variants",
              "timedOut": null,
              "duration": 3467,
              "state": "failed",
              "speed": null,
              "pass": false,
              "fail": true,
              "pending": false,
              "context": "[\n  \"-- before all hook (failed).png\",\n  {\n    \"title\": \"Failed screenshot\",\n    \"value\": \"screenshots/products/createProduct.js/Create product -- should create product with variants -- before all hook (failed).png\"\n  }\n]",
              "code": "return itCallback(func);",
              "err": {
                "message": "CypressError: `cy.request()` requires a `url`. You did not provide a `url`.\n\nhttps://on.cypress.io/request\n\nBecause this error occurred during a `before all` hook we are skipping the remaining tests in the current suite: `Create product`\n\nAlthough you have test retries enabled, we do not retry tests when `before all` or `after all` hooks fail",
                "estack": "CypressError: `cy.request()` requires a `url`. You did not provide a `url`.\n\nhttps://on.cypress.io/request\n\nBecause this error occurred during a `before all` hook we are skipping the remaining tests in the current suite: `Create product`\n\nAlthough you have test retries enabled, we do not retry tests when `before all` or `after all` hooks fail\n    at Context.request (http://localhost:9000/__cypress/runner/cypress_runner.js:160140:19)\nFrom Your Spec Code:\n    at Context.eval (http://localhost:9000/__cypress/tests?p=cypress/support/index.js:400:13)",
                "diff": null
              },
              "uuid": "26319818-97c0-4bd9-b97e-6fbd6cacd2c4",
              "parentUUID": "c3cfdc9e-5fac-49bd-bb6e-abacb2258d9f",
              "isHook": false,
              "skipped": false
            },
            {
              "title": "should create product without variants",
              "fullTitle": "Create product should create product without variants",
              "timedOut": null,
              "duration": 0,
              "state": "skipped",
              "speed": null,
              "pass": false,
              "fail": false,
              "pending": false,
              "context": null,
              "code": "return itCallback(func);",
              "err": {},
              "uuid": "6c7b02e1-3557-4051-9c0c-c04c203994d6",
              "parentUUID": "c3cfdc9e-5fac-49bd-bb6e-abacb2258d9f",
              "isHook": false,
              "skipped": true
            }
          ],
          "suites": [],
          "passes": [],
          "failures": [
            "26319818-97c0-4bd9-b97e-6fbd6cacd2c4"
          ],
          "pending": [],
          "skipped": [
            "6c7b02e1-3557-4051-9c0c-c04c203994d6"
          ],
          "duration": 3467,
          "root": false,
          "rootEmpty": false,
          "_timeout": 2000
        }
      ],
      "passes": [],
      "failures": [],
      "pending": [],
      "skipped": [],
      "duration": 0,
      "root": true,
      "rootEmpty": true,
      "_timeout": 2000
    }
  ],
  "meta": {
    "mocha": {
      "version": "7.0.1"
    },
    "mochawesome": {
      "options": {
        "quiet": false,
        "reportFilename": "mochawesome",
        "saveHtml": false,
        "saveJson": true,
        "consoleReporter": "spec",
        "useInlineDiffs": false,
        "code": true
      },
      "version": "6.2.2"
    },
    "marge": {
      "options": {
        "id": "default",
        "reportDir": "cypress/results/json",
        "overwrite": false,
        "html": false,
        "json": true
      },
      "version": "5.2.0"
    }
  }
}