{
  "stats": {
    "suites": 1,
    "tests": 15,
    "passes": 0,
    "pending": 0,
    "failures": 15,
    "start": "2021-04-19T21:24:22.106Z",
    "end": "2021-04-19T21:25:05.348Z",
    "duration": 43242,
    "testsRegistered": 15,
    "passPercent": 0,
    "pendingPercent": 0,
    "other": 0,
    "hasOther": false,
    "skipped": 0,
    "hasSkipped": false
  },
  "results": [
    {
      "uuid": "90e9f6c4-a308-4589-9850-c82a41a769d9",
      "title": "",
      "fullFile": "cypress/integration/navigation.js",
      "file": "cypress/integration/navigation.js",
      "beforeHooks": [],
      "afterHooks": [],
      "tests": [],
      "suites": [
        {
          "uuid": "76fbaa6a-69aa-4b8f-a6c6-658f98b5c431",
          "title": "Navigation for users with different permissions",
          "fullFile": "",
          "file": "",
          "beforeHooks": [],
          "afterHooks": [],
          "tests": [
            {
              "title": "should navigate as an user with all permission",
              "fullTitle": "Navigation for users with different permissions should navigate as an user with all permission",
              "timedOut": null,
              "duration": 893,
              "state": "failed",
              "speed": null,
              "pass": false,
              "fail": true,
              "pending": false,
              "context": "[\n  \"-- before all hook (failed).png\",\n  {\n    \"title\": \"Failed screenshot\",\n    \"value\": \"screenshots/navigation.js/Navigation for users with different permissions -- should navigate as an user with all permission (failed) (attempt 3).png\"\n  }\n]",
              "code": "return itCallback(func);",
              "err": {
                "message": "CypressError: `cy.request()` requires a `url`. You did not provide a `url`.\n\nhttps://on.cypress.io/request",
                "estack": "CypressError: `cy.request()` requires a `url`. You did not provide a `url`.\n\nhttps://on.cypress.io/request\n    at Context.request (http://localhost:9000/__cypress/runner/cypress_runner.js:160140:19)\nFrom Your Spec Code:\n    at Context.eval (http://localhost:9000/__cypress/tests?p=cypress/support/index.js:400:13)",
                "diff": null
              },
              "uuid": "be11f9ff-e514-492a-a5f5-2564af9dd01f",
              "parentUUID": "76fbaa6a-69aa-4b8f-a6c6-658f98b5c431",
              "isHook": false,
              "skipped": false
            },
            {
              "title": "should navigate as an user with app permission",
              "fullTitle": "Navigation for users with different permissions should navigate as an user with app permission",
              "timedOut": null,
              "duration": 796,
              "state": "failed",
              "speed": null,
              "pass": false,
              "fail": true,
              "pending": false,
              "context": "[\n  \"-- before all hook (failed).png\",\n  {\n    \"title\": \"Failed screenshot\",\n    \"value\": \"screenshots/navigation.js/Navigation for users with different permissions -- should navigate as an user with app permission (failed) (attempt 3).png\"\n  }\n]",
              "code": "return itCallback(func);",
              "err": {
                "message": "CypressError: `cy.request()` requires a `url`. You did not provide a `url`.\n\nhttps://on.cypress.io/request",
                "estack": "CypressError: `cy.request()` requires a `url`. You did not provide a `url`.\n\nhttps://on.cypress.io/request\n    at Context.request (http://localhost:9000/__cypress/runner/cypress_runner.js:160140:19)\nFrom Your Spec Code:\n    at Context.eval (http://localhost:9000/__cypress/tests?p=cypress/support/index.js:400:13)",
                "diff": null
              },
              "uuid": "5a6b9f69-0f0f-426c-932d-e4496eec67b4",
              "parentUUID": "76fbaa6a-69aa-4b8f-a6c6-658f98b5c431",
              "isHook": false,
              "skipped": false
            },
            {
              "title": "should navigate as an user with customer permission",
              "fullTitle": "Navigation for users with different permissions should navigate as an user with customer permission",
              "timedOut": null,
              "duration": 840,
              "state": "failed",
              "speed": null,
              "pass": false,
              "fail": true,
              "pending": false,
              "context": "[\n  \"-- before all hook (failed).png\",\n  {\n    \"title\": \"Failed screenshot\",\n    \"value\": \"screenshots/navigation.js/Navigation for users with different permissions -- should navigate as an user with customer permission (failed) (attempt 3).png\"\n  }\n]",
              "code": "return itCallback(func);",
              "err": {
                "message": "CypressError: `cy.request()` requires a `url`. You did not provide a `url`.\n\nhttps://on.cypress.io/request",
                "estack": "CypressError: `cy.request()` requires a `url`. You did not provide a `url`.\n\nhttps://on.cypress.io/request\n    at Context.request (http://localhost:9000/__cypress/runner/cypress_runner.js:160140:19)\nFrom Your Spec Code:\n    at Context.eval (http://localhost:9000/__cypress/tests?p=cypress/support/index.js:400:13)",
                "diff": null
              },
              "uuid": "e585fab9-d7ce-4f65-9eed-6c5f971bef13",
              "parentUUID": "76fbaa6a-69aa-4b8f-a6c6-658f98b5c431",
              "isHook": false,
              "skipped": false
            },
            {
              "title": "should navigate as an user with discount permission",
              "fullTitle": "Navigation for users with different permissions should navigate as an user with discount permission",
              "timedOut": null,
              "duration": 844,
              "state": "failed",
              "speed": null,
              "pass": false,
              "fail": true,
              "pending": false,
              "context": "[\n  \"-- before all hook (failed).png\",\n  {\n    \"title\": \"Failed screenshot\",\n    \"value\": \"screenshots/navigation.js/Navigation for users with different permissions -- should navigate as an user with discount permission (failed) (attempt 3).png\"\n  }\n]",
              "code": "return itCallback(func);",
              "err": {
                "message": "CypressError: `cy.request()` requires a `url`. You did not provide a `url`.\n\nhttps://on.cypress.io/request",
                "estack": "CypressError: `cy.request()` requires a `url`. You did not provide a `url`.\n\nhttps://on.cypress.io/request\n    at Context.request (http://localhost:9000/__cypress/runner/cypress_runner.js:160140:19)\nFrom Your Spec Code:\n    at Context.eval (http://localhost:9000/__cypress/tests?p=cypress/support/index.js:400:13)",
                "diff": null
              },
              "uuid": "c8cd7c15-6f6a-4292-953f-1a1e87c506ee",
              "parentUUID": "76fbaa6a-69aa-4b8f-a6c6-658f98b5c431",
              "isHook": false,
              "skipped": false
            },
            {
              "title": "should navigate as an user with giftCard permission",
              "fullTitle": "Navigation for users with different permissions should navigate as an user with giftCard permission",
              "timedOut": null,
              "duration": 839,
              "state": "failed",
              "speed": null,
              "pass": false,
              "fail": true,
              "pending": false,
              "context": "[\n  \"-- before all hook (failed).png\",\n  {\n    \"title\": \"Failed screenshot\",\n    \"value\": \"screenshots/navigation.js/Navigation for users with different permissions -- should navigate as an user with giftCard permission (failed) (attempt 3).png\"\n  }\n]",
              "code": "return itCallback(func);",
              "err": {
                "message": "CypressError: `cy.request()` requires a `url`. You did not provide a `url`.\n\nhttps://on.cypress.io/request",
                "estack": "CypressError: `cy.request()` requires a `url`. You did not provide a `url`.\n\nhttps://on.cypress.io/request\n    at Context.request (http://localhost:9000/__cypress/runner/cypress_runner.js:160140:19)\nFrom Your Spec Code:\n    at Context.eval (http://localhost:9000/__cypress/tests?p=cypress/support/index.js:400:13)",
                "diff": null
              },
              "uuid": "c02437e0-f31e-4457-a896-4359b37b7938",
              "parentUUID": "76fbaa6a-69aa-4b8f-a6c6-658f98b5c431",
              "isHook": false,
              "skipped": false
            },
            {
              "title": "should navigate as an user with order permission",
              "fullTitle": "Navigation for users with different permissions should navigate as an user with order permission",
              "timedOut": null,
              "duration": 849,
              "state": "failed",
              "speed": null,
              "pass": false,
              "fail": true,
              "pending": false,
              "context": "[\n  \"-- before all hook (failed).png\",\n  {\n    \"title\": \"Failed screenshot\",\n    \"value\": \"screenshots/navigation.js/Navigation for users with different permissions -- should navigate as an user with order permission (failed) (attempt 3).png\"\n  }\n]",
              "code": "return itCallback(func);",
              "err": {
                "message": "CypressError: `cy.request()` requires a `url`. You did not provide a `url`.\n\nhttps://on.cypress.io/request",
                "estack": "CypressError: `cy.request()` requires a `url`. You did not provide a `url`.\n\nhttps://on.cypress.io/request\n    at Context.request (http://localhost:9000/__cypress/runner/cypress_runner.js:160140:19)\nFrom Your Spec Code:\n    at Context.eval (http://localhost:9000/__cypress/tests?p=cypress/support/index.js:400:13)",
                "diff": null
              },
              "uuid": "b510ca4e-c629-437f-93a3-03f5db6d73cc",
              "parentUUID": "76fbaa6a-69aa-4b8f-a6c6-658f98b5c431",
              "isHook": false,
              "skipped": false
            },
            {
              "title": "should navigate as an user with page permission",
              "fullTitle": "Navigation for users with different permissions should navigate as an user with page permission",
              "timedOut": null,
              "duration": 843,
              "state": "failed",
              "speed": null,
              "pass": false,
              "fail": true,
              "pending": false,
              "context": "[\n  \"-- before all hook (failed).png\",\n  {\n    \"title\": \"Failed screenshot\",\n    \"value\": \"screenshots/navigation.js/Navigation for users with different permissions -- should navigate as an user with page permission (failed) (attempt 3).png\"\n  }\n]",
              "code": "return itCallback(func);",
              "err": {
                "message": "CypressError: `cy.request()` requires a `url`. You did not provide a `url`.\n\nhttps://on.cypress.io/request",
                "estack": "CypressError: `cy.request()` requires a `url`. You did not provide a `url`.\n\nhttps://on.cypress.io/request\n    at Context.request (http://localhost:9000/__cypress/runner/cypress_runner.js:160140:19)\nFrom Your Spec Code:\n    at Context.eval (http://localhost:9000/__cypress/tests?p=cypress/support/index.js:400:13)",
                "diff": null
              },
              "uuid": "3ee3b9c4-6d79-4be9-92b7-afc41ed6745b",
              "parentUUID": "76fbaa6a-69aa-4b8f-a6c6-658f98b5c431",
              "isHook": false,
              "skipped": false
            },
            {
              "title": "should navigate as an user with pageTypeAndAttribute permission",
              "fullTitle": "Navigation for users with different permissions should navigate as an user with pageTypeAndAttribute permission",
              "timedOut": null,
              "duration": 851,
              "state": "failed",
              "speed": null,
              "pass": false,
              "fail": true,
              "pending": false,
              "context": "[\n  \"-- before all hook (failed).png\",\n  {\n    \"title\": \"Failed screenshot\",\n    \"value\": \"screenshots/navigation.js/Navigation for users with different permissions -- should navigate as an user with pageTypeAndAttribute permission (failed) (attempt 3).png\"\n  }\n]",
              "code": "return itCallback(func);",
              "err": {
                "message": "CypressError: `cy.request()` requires a `url`. You did not provide a `url`.\n\nhttps://on.cypress.io/request",
                "estack": "CypressError: `cy.request()` requires a `url`. You did not provide a `url`.\n\nhttps://on.cypress.io/request\n    at Context.request (http://localhost:9000/__cypress/runner/cypress_runner.js:160140:19)\nFrom Your Spec Code:\n    at Context.eval (http://localhost:9000/__cypress/tests?p=cypress/support/index.js:400:13)",
                "diff": null
              },
              "uuid": "e5bbafbe-3e77-4d20-ac0a-c47ec263a777",
              "parentUUID": "76fbaa6a-69aa-4b8f-a6c6-658f98b5c431",
              "isHook": false,
              "skipped": false
            },
            {
              "title": "should navigate as an user with plugin permission",
              "fullTitle": "Navigation for users with different permissions should navigate as an user with plugin permission",
              "timedOut": null,
              "duration": 845,
              "state": "failed",
              "speed": null,
              "pass": false,
              "fail": true,
              "pending": false,
              "context": "[\n  \"-- before all hook (failed).png\",\n  {\n    \"title\": \"Failed screenshot\",\n    \"value\": \"screenshots/navigation.js/Navigation for users with different permissions -- should navigate as an user with plugin permission (failed) (attempt 3).png\"\n  }\n]",
              "code": "return itCallback(func);",
              "err": {
                "message": "CypressError: `cy.request()` requires a `url`. You did not provide a `url`.\n\nhttps://on.cypress.io/request",
                "estack": "CypressError: `cy.request()` requires a `url`. You did not provide a `url`.\n\nhttps://on.cypress.io/request\n    at Context.request (http://localhost:9000/__cypress/runner/cypress_runner.js:160140:19)\nFrom Your Spec Code:\n    at Context.eval (http://localhost:9000/__cypress/tests?p=cypress/support/index.js:400:13)",
                "diff": null
              },
              "uuid": "08a70545-27d8-48bc-a602-82fbf32497e8",
              "parentUUID": "76fbaa6a-69aa-4b8f-a6c6-658f98b5c431",
              "isHook": false,
              "skipped": false
            },
            {
              "title": "should navigate as an user with product permission",
              "fullTitle": "Navigation for users with different permissions should navigate as an user with product permission",
              "timedOut": null,
              "duration": 919,
              "state": "failed",
              "speed": null,
              "pass": false,
              "fail": true,
              "pending": false,
              "context": "[\n  \"-- before all hook (failed).png\",\n  {\n    \"title\": \"Failed screenshot\",\n    \"value\": \"screenshots/navigation.js/Navigation for users with different permissions -- should navigate as an user with product permission (failed) (attempt 3).png\"\n  }\n]",
              "code": "return itCallback(func);",
              "err": {
                "message": "CypressError: `cy.request()` requires a `url`. You did not provide a `url`.\n\nhttps://on.cypress.io/request",
                "estack": "CypressError: `cy.request()` requires a `url`. You did not provide a `url`.\n\nhttps://on.cypress.io/request\n    at Context.request (http://localhost:9000/__cypress/runner/cypress_runner.js:160140:19)\nFrom Your Spec Code:\n    at Context.eval (http://localhost:9000/__cypress/tests?p=cypress/support/index.js:400:13)",
                "diff": null
              },
              "uuid": "b8192c94-f581-46d4-a936-17bfce813834",
              "parentUUID": "76fbaa6a-69aa-4b8f-a6c6-658f98b5c431",
              "isHook": false,
              "skipped": false
            },
            {
              "title": "should navigate as an user with productTypeAndAttribute permission",
              "fullTitle": "Navigation for users with different permissions should navigate as an user with productTypeAndAttribute permission",
              "timedOut": null,
              "duration": 933,
              "state": "failed",
              "speed": null,
              "pass": false,
              "fail": true,
              "pending": false,
              "context": "[\n  \"-- before all hook (failed).png\",\n  {\n    \"title\": \"Failed screenshot\",\n    \"value\": \"screenshots/navigation.js/Navigation for users with different permissions -- should navigate as an user with productTypeAndAttribute permission (failed) (attempt 3).png\"\n  }\n]",
              "code": "return itCallback(func);",
              "err": {
                "message": "CypressError: `cy.request()` requires a `url`. You did not provide a `url`.\n\nhttps://on.cypress.io/request",
                "estack": "CypressError: `cy.request()` requires a `url`. You did not provide a `url`.\n\nhttps://on.cypress.io/request\n    at Context.request (http://localhost:9000/__cypress/runner/cypress_runner.js:160140:19)\nFrom Your Spec Code:\n    at Context.eval (http://localhost:9000/__cypress/tests?p=cypress/support/index.js:400:13)",
                "diff": null
              },
              "uuid": "1563bfbd-3aa6-4185-bf14-a207b579798d",
              "parentUUID": "76fbaa6a-69aa-4b8f-a6c6-658f98b5c431",
              "isHook": false,
              "skipped": false
            },
            {
              "title": "should navigate as an user with settings permission",
              "fullTitle": "Navigation for users with different permissions should navigate as an user with settings permission",
              "timedOut": null,
              "duration": 888,
              "state": "failed",
              "speed": null,
              "pass": false,
              "fail": true,
              "pending": false,
              "context": "[\n  \"-- before all hook (failed).png\",\n  {\n    \"title\": \"Failed screenshot\",\n    \"value\": \"screenshots/navigation.js/Navigation for users with different permissions -- should navigate as an user with settings permission (failed) (attempt 3).png\"\n  }\n]",
              "code": "return itCallback(func);",
              "err": {
                "message": "CypressError: `cy.request()` requires a `url`. You did not provide a `url`.\n\nhttps://on.cypress.io/request",
                "estack": "CypressError: `cy.request()` requires a `url`. You did not provide a `url`.\n\nhttps://on.cypress.io/request\n    at Context.request (http://localhost:9000/__cypress/runner/cypress_runner.js:160140:19)\nFrom Your Spec Code:\n    at Context.eval (http://localhost:9000/__cypress/tests?p=cypress/support/index.js:400:13)",
                "diff": null
              },
              "uuid": "29e32faa-0375-4017-84e8-da24f82b2b07",
              "parentUUID": "76fbaa6a-69aa-4b8f-a6c6-658f98b5c431",
              "isHook": false,
              "skipped": false
            },
            {
              "title": "should navigate as an user with shipping permission",
              "fullTitle": "Navigation for users with different permissions should navigate as an user with shipping permission",
              "timedOut": null,
              "duration": 910,
              "state": "failed",
              "speed": null,
              "pass": false,
              "fail": true,
              "pending": false,
              "context": "[\n  \"-- before all hook (failed).png\",\n  {\n    \"title\": \"Failed screenshot\",\n    \"value\": \"screenshots/navigation.js/Navigation for users with different permissions -- should navigate as an user with shipping permission (failed) (attempt 3).png\"\n  }\n]",
              "code": "return itCallback(func);",
              "err": {
                "message": "CypressError: `cy.request()` requires a `url`. You did not provide a `url`.\n\nhttps://on.cypress.io/request",
                "estack": "CypressError: `cy.request()` requires a `url`. You did not provide a `url`.\n\nhttps://on.cypress.io/request\n    at Context.request (http://localhost:9000/__cypress/runner/cypress_runner.js:160140:19)\nFrom Your Spec Code:\n    at Context.eval (http://localhost:9000/__cypress/tests?p=cypress/support/index.js:400:13)",
                "diff": null
              },
              "uuid": "2d8c89f6-9e1d-418d-92f4-0ef61ae2d925",
              "parentUUID": "76fbaa6a-69aa-4b8f-a6c6-658f98b5c431",
              "isHook": false,
              "skipped": false
            },
            {
              "title": "should navigate as an user with staff permission",
              "fullTitle": "Navigation for users with different permissions should navigate as an user with staff permission",
              "timedOut": null,
              "duration": 979,
              "state": "failed",
              "speed": null,
              "pass": false,
              "fail": true,
              "pending": false,
              "context": "[\n  \"-- before all hook (failed).png\",\n  {\n    \"title\": \"Failed screenshot\",\n    \"value\": \"screenshots/navigation.js/Navigation for users with different permissions -- should navigate as an user with staff permission (failed) (attempt 3).png\"\n  }\n]",
              "code": "return itCallback(func);",
              "err": {
                "message": "CypressError: `cy.request()` requires a `url`. You did not provide a `url`.\n\nhttps://on.cypress.io/request",
                "estack": "CypressError: `cy.request()` requires a `url`. You did not provide a `url`.\n\nhttps://on.cypress.io/request\n    at Context.request (http://localhost:9000/__cypress/runner/cypress_runner.js:160140:19)\nFrom Your Spec Code:\n    at Context.eval (http://localhost:9000/__cypress/tests?p=cypress/support/index.js:400:13)",
                "diff": null
              },
              "uuid": "f732f54d-e1af-49fb-a81a-9b5501c50981",
              "parentUUID": "76fbaa6a-69aa-4b8f-a6c6-658f98b5c431",
              "isHook": false,
              "skipped": false
            },
            {
              "title": "should navigate as an user with translations permission",
              "fullTitle": "Navigation for users with different permissions should navigate as an user with translations permission",
              "timedOut": null,
              "duration": 1000,
              "state": "failed",
              "speed": null,
              "pass": false,
              "fail": true,
              "pending": false,
              "context": "[\n  \"-- before all hook (failed).png\",\n  {\n    \"title\": \"Failed screenshot\",\n    \"value\": \"screenshots/navigation.js/Navigation for users with different permissions -- should navigate as an user with translations permission (failed) (attempt 3).png\"\n  }\n]",
              "code": "return itCallback(func);",
              "err": {
                "message": "CypressError: `cy.request()` requires a `url`. You did not provide a `url`.\n\nhttps://on.cypress.io/request",
                "estack": "CypressError: `cy.request()` requires a `url`. You did not provide a `url`.\n\nhttps://on.cypress.io/request\n    at Context.request (http://localhost:9000/__cypress/runner/cypress_runner.js:160140:19)\nFrom Your Spec Code:\n    at Context.eval (http://localhost:9000/__cypress/tests?p=cypress/support/index.js:400:13)",
                "diff": null
              },
              "uuid": "d10d1a59-eff5-4124-ad21-1551a6b7c78f",
              "parentUUID": "76fbaa6a-69aa-4b8f-a6c6-658f98b5c431",
              "isHook": false,
              "skipped": false
            }
          ],
          "suites": [],
          "passes": [],
          "failures": [
            "be11f9ff-e514-492a-a5f5-2564af9dd01f",
            "5a6b9f69-0f0f-426c-932d-e4496eec67b4",
            "e585fab9-d7ce-4f65-9eed-6c5f971bef13",
            "c8cd7c15-6f6a-4292-953f-1a1e87c506ee",
            "c02437e0-f31e-4457-a896-4359b37b7938",
            "b510ca4e-c629-437f-93a3-03f5db6d73cc",
            "3ee3b9c4-6d79-4be9-92b7-afc41ed6745b",
            "e5bbafbe-3e77-4d20-ac0a-c47ec263a777",
            "08a70545-27d8-48bc-a602-82fbf32497e8",
            "b8192c94-f581-46d4-a936-17bfce813834",
            "1563bfbd-3aa6-4185-bf14-a207b579798d",
            "29e32faa-0375-4017-84e8-da24f82b2b07",
            "2d8c89f6-9e1d-418d-92f4-0ef61ae2d925",
            "f732f54d-e1af-49fb-a81a-9b5501c50981",
            "d10d1a59-eff5-4124-ad21-1551a6b7c78f"
          ],
          "pending": [],
          "skipped": [],
          "duration": 13229,
          "root": false,
          "rootEmpty": false,
          "_timeout": 2000
        }
      ],
      "passes": [],
      "failures": [],
      "pending": [],
      "skipped": [],
      "duration": 0,
      "root": true,
      "rootEmpty": true,
      "_timeout": 2000
    }
  ],
  "meta": {
    "mocha": {
      "version": "7.0.1"
    },
    "mochawesome": {
      "options": {
        "quiet": false,
        "reportFilename": "mochawesome",
        "saveHtml": false,
        "saveJson": true,
        "consoleReporter": "spec",
        "useInlineDiffs": false,
        "code": true
      },
      "version": "6.2.2"
    },
    "marge": {
      "options": {
        "id": "default",
        "reportDir": "cypress/results/json",
        "overwrite": false,
        "html": false,
        "json": true
      },
      "version": "5.2.0"
    }
  }
}