{
  "stats": {
    "suites": 1,
    "tests": 1,
    "passes": 0,
    "pending": 0,
    "failures": 1,
    "start": "2021-04-19T21:45:57.472Z",
    "end": "2021-04-19T21:46:01.039Z",
    "duration": 3567,
    "testsRegistered": 3,
    "passPercent": 0,
    "pendingPercent": 0,
    "other": 0,
    "hasOther": false,
    "skipped": 2,
    "hasSkipped": true
  },
  "results": [
    {
      "uuid": "1c722f53-0157-4012-a74e-28b4f451d495",
      "title": "",
      "fullFile": "cypress/integration/products/productsVariants.js",
      "file": "cypress/integration/products/productsVariants.js",
      "beforeHooks": [],
      "afterHooks": [],
      "tests": [],
      "suites": [
        {
          "uuid": "cb67f5ac-d6f0-42d2-8c2e-21ddbdbf332b",
          "title": "Creating variants",
          "fullFile": "",
          "file": "",
          "beforeHooks": [],
          "afterHooks": [],
          "tests": [
            {
              "title": "should create variant visible on frontend",
              "fullTitle": "Creating variants should create variant visible on frontend",
              "timedOut": null,
              "duration": 3523,
              "state": "failed",
              "speed": null,
              "pass": false,
              "fail": true,
              "pending": false,
              "context": "[\n  \"-- before all hook (failed).png\",\n  {\n    \"title\": \"Failed screenshot\",\n    \"value\": \"screenshots/products/productsVariants.js/Creating variants -- should create variant visible on frontend -- before all hook (failed).png\"\n  }\n]",
              "code": "return itCallback(func);",
              "err": {
                "message": "CypressError: `cy.request()` requires a `url`. You did not provide a `url`.\n\nhttps://on.cypress.io/request\n\nBecause this error occurred during a `before all` hook we are skipping the remaining tests in the current suite: `Creating variants`\n\nAlthough you have test retries enabled, we do not retry tests when `before all` or `after all` hooks fail",
                "estack": "CypressError: `cy.request()` requires a `url`. You did not provide a `url`.\n\nhttps://on.cypress.io/request\n\nBecause this error occurred during a `before all` hook we are skipping the remaining tests in the current suite: `Creating variants`\n\nAlthough you have test retries enabled, we do not retry tests when `before all` or `after all` hooks fail\n    at Context.request (http://localhost:9000/__cypress/runner/cypress_runner.js:160140:19)\nFrom Your Spec Code:\n    at Context.eval (http://localhost:9000/__cypress/tests?p=cypress/support/index.js:400:13)",
                "diff": null
              },
              "uuid": "54e6070d-0614-400a-87c2-63246b8520ae",
              "parentUUID": "cb67f5ac-d6f0-42d2-8c2e-21ddbdbf332b",
              "isHook": false,
              "skipped": false
            },
            {
              "title": "should create several variants",
              "fullTitle": "Creating variants should create several variants",
              "timedOut": null,
              "duration": 0,
              "state": "skipped",
              "speed": null,
              "pass": false,
              "fail": false,
              "pending": true,
              "context": null,
              "code": "",
              "err": {},
              "uuid": "90355228-d17c-4c23-98b3-8b13902d84dc",
              "parentUUID": "cb67f5ac-d6f0-42d2-8c2e-21ddbdbf332b",
              "isHook": false,
              "skipped": false
            },
            {
              "title": "should create variant for many channels",
              "fullTitle": "Creating variants should create variant for many channels",
              "timedOut": null,
              "duration": 0,
              "state": "skipped",
              "speed": null,
              "pass": false,
              "fail": false,
              "pending": false,
              "context": null,
              "code": "return itCallback(func);",
              "err": {},
              "uuid": "e4d751c6-fae6-4010-9ab9-6db5a1ffa084",
              "parentUUID": "cb67f5ac-d6f0-42d2-8c2e-21ddbdbf332b",
              "isHook": false,
              "skipped": true
            }
          ],
          "suites": [],
          "passes": [],
          "failures": [
            "54e6070d-0614-400a-87c2-63246b8520ae"
          ],
          "pending": [
            "90355228-d17c-4c23-98b3-8b13902d84dc"
          ],
          "skipped": [
            "e4d751c6-fae6-4010-9ab9-6db5a1ffa084"
          ],
          "duration": 3523,
          "root": false,
          "rootEmpty": false,
          "_timeout": 2000
        }
      ],
      "passes": [],
      "failures": [],
      "pending": [],
      "skipped": [],
      "duration": 0,
      "root": true,
      "rootEmpty": true,
      "_timeout": 2000
    }
  ],
  "meta": {
    "mocha": {
      "version": "7.0.1"
    },
    "mochawesome": {
      "options": {
        "quiet": false,
        "reportFilename": "mochawesome",
        "saveHtml": false,
        "saveJson": true,
        "consoleReporter": "spec",
        "useInlineDiffs": false,
        "code": true
      },
      "version": "6.2.2"
    },
    "marge": {
      "options": {
        "id": "default",
        "reportDir": "cypress/results/json",
        "overwrite": false,
        "html": false,
        "json": true
      },
      "version": "5.2.0"
    }
  }
}