{
  "stats": {
    "suites": 1,
    "tests": 1,
    "passes": 0,
    "pending": 2,
    "failures": -1,
    "start": "2021-04-19T21:23:24.645Z",
    "end": "2021-04-19T21:23:24.661Z",
    "duration": 16,
    "testsRegistered": 2,
    "passPercent": null,
    "pendingPercent": 100,
    "other": 1,
    "hasOther": true,
    "skipped": 1,
    "hasSkipped": true
  },
  "results": [
    {
      "uuid": "9c4cea00-ccca-4934-87a4-7fcd984327fd",
      "title": "",
      "fullFile": "cypress/integration/configuration/warehouse.js",
      "file": "cypress/integration/configuration/warehouse.js",
      "beforeHooks": [],
      "afterHooks": [],
      "tests": [],
      "suites": [
        {
          "uuid": "051eb68a-ffdc-4d32-935f-ef38d8233b76",
          "title": "Warehouse settings",
          "fullFile": "",
          "file": "",
          "beforeHooks": [],
          "afterHooks": [],
          "tests": [
            {
              "title": "Warehouse section visible in the configuration",
              "fullTitle": "Warehouse settings Warehouse section visible in the configuration",
              "timedOut": null,
              "duration": 0,
              "state": "pending",
              "speed": null,
              "pass": false,
              "fail": false,
              "pending": true,
              "context": null,
              "code": "",
              "err": {},
              "uuid": "471be46a-f865-4acc-bccd-9d4bf65126d7",
              "parentUUID": "051eb68a-ffdc-4d32-935f-ef38d8233b76",
              "isHook": false,
              "skipped": false
            },
            {
              "title": "Editing warehouse is available",
              "fullTitle": "Warehouse settings Editing warehouse is available",
              "timedOut": null,
              "duration": 0,
              "state": "pending",
              "speed": null,
              "pass": false,
              "fail": false,
              "pending": true,
              "context": null,
              "code": "",
              "err": {},
              "uuid": "cf34d538-f4d8-4c43-8d77-bbfc7fb6eadf",
              "parentUUID": "051eb68a-ffdc-4d32-935f-ef38d8233b76",
              "isHook": false,
              "skipped": false
            }
          ],
          "suites": [],
          "passes": [],
          "failures": [],
          "pending": [
            "471be46a-f865-4acc-bccd-9d4bf65126d7",
            "cf34d538-f4d8-4c43-8d77-bbfc7fb6eadf"
          ],
          "skipped": [],
          "duration": 0,
          "root": false,
          "rootEmpty": false,
          "_timeout": 2000
        }
      ],
      "passes": [],
      "failures": [],
      "pending": [],
      "skipped": [],
      "duration": 0,
      "root": true,
      "rootEmpty": true,
      "_timeout": 2000
    }
  ],
  "meta": {
    "mocha": {
      "version": "7.0.1"
    },
    "mochawesome": {
      "options": {
        "quiet": false,
        "reportFilename": "mochawesome",
        "saveHtml": false,
        "saveJson": true,
        "consoleReporter": "spec",
        "useInlineDiffs": false,
        "code": true
      },
      "version": "6.2.2"
    },
    "marge": {
      "options": {
        "id": "default",
        "reportDir": "cypress/results/json",
        "overwrite": false,
        "html": false,
        "json": true
      },
      "version": "5.2.0"
    }
  }
}