{
  "stats": {
    "suites": 1,
    "tests": 1,
    "passes": 0,
    "pending": 0,
    "failures": 1,
    "start": "2021-04-19T21:23:30.050Z",
    "end": "2021-04-19T21:23:33.592Z",
    "duration": 3542,
    "testsRegistered": 3,
    "passPercent": 0,
    "pendingPercent": 0,
    "other": 0,
    "hasOther": false,
    "skipped": 2,
    "hasSkipped": true
  },
  "results": [
    {
      "uuid": "4f81c774-b2b6-4271-be7e-bb113f2df1bf",
      "title": "",
      "fullFile": "cypress/integration/discounts/sales.js",
      "file": "cypress/integration/discounts/sales.js",
      "beforeHooks": [],
      "afterHooks": [],
      "tests": [],
      "suites": [
        {
          "uuid": "e9d3e93d-f34d-444f-8f35-33c1131de3dc",
          "title": "Sales discounts",
          "fullFile": "",
          "file": "",
          "beforeHooks": [],
          "afterHooks": [],
          "tests": [
            {
              "title": "should create percentage discount",
              "fullTitle": "Sales discounts should create percentage discount",
              "timedOut": null,
              "duration": 3498,
              "state": "failed",
              "speed": null,
              "pass": false,
              "fail": true,
              "pending": false,
              "context": "[\n  \"-- before all hook (failed).png\",\n  {\n    \"title\": \"Failed screenshot\",\n    \"value\": \"screenshots/discounts/sales.js/Sales discounts -- should create percentage discount -- before all hook (failed).png\"\n  }\n]",
              "code": "return itCallback(func);",
              "err": {
                "message": "CypressError: `cy.request()` requires a `url`. You did not provide a `url`.\n\nhttps://on.cypress.io/request\n\nBecause this error occurred during a `before all` hook we are skipping the remaining tests in the current suite: `Sales discounts`\n\nAlthough you have test retries enabled, we do not retry tests when `before all` or `after all` hooks fail",
                "estack": "CypressError: `cy.request()` requires a `url`. You did not provide a `url`.\n\nhttps://on.cypress.io/request\n\nBecause this error occurred during a `before all` hook we are skipping the remaining tests in the current suite: `Sales discounts`\n\nAlthough you have test retries enabled, we do not retry tests when `before all` or `after all` hooks fail\n    at Context.request (http://localhost:9000/__cypress/runner/cypress_runner.js:160140:19)\nFrom Your Spec Code:\n    at Context.eval (http://localhost:9000/__cypress/tests?p=cypress/support/index.js:400:13)",
                "diff": null
              },
              "uuid": "61d7ade8-3555-4c8d-adc3-4a04b658c4b8",
              "parentUUID": "e9d3e93d-f34d-444f-8f35-33c1131de3dc",
              "isHook": false,
              "skipped": false
            },
            {
              "title": "should create fixed price discount",
              "fullTitle": "Sales discounts should create fixed price discount",
              "timedOut": null,
              "duration": 0,
              "state": "skipped",
              "speed": null,
              "pass": false,
              "fail": false,
              "pending": false,
              "context": null,
              "code": "return itCallback(func);",
              "err": {},
              "uuid": "ef4c20fb-1814-4241-95e7-3ea6941d96a3",
              "parentUUID": "e9d3e93d-f34d-444f-8f35-33c1131de3dc",
              "isHook": false,
              "skipped": true
            },
            {
              "title": "should not displayed discount not assign to channel",
              "fullTitle": "Sales discounts should not displayed discount not assign to channel",
              "timedOut": null,
              "duration": 0,
              "state": "skipped",
              "speed": null,
              "pass": false,
              "fail": false,
              "pending": false,
              "context": null,
              "code": "return itCallback(func);",
              "err": {},
              "uuid": "eb2e18c7-aec4-4377-aa77-5aa1bd7ed651",
              "parentUUID": "e9d3e93d-f34d-444f-8f35-33c1131de3dc",
              "isHook": false,
              "skipped": true
            }
          ],
          "suites": [],
          "passes": [],
          "failures": [
            "61d7ade8-3555-4c8d-adc3-4a04b658c4b8"
          ],
          "pending": [],
          "skipped": [
            "ef4c20fb-1814-4241-95e7-3ea6941d96a3",
            "eb2e18c7-aec4-4377-aa77-5aa1bd7ed651"
          ],
          "duration": 3498,
          "root": false,
          "rootEmpty": false,
          "_timeout": 2000
        }
      ],
      "passes": [],
      "failures": [],
      "pending": [],
      "skipped": [],
      "duration": 0,
      "root": true,
      "rootEmpty": true,
      "_timeout": 2000
    }
  ],
  "meta": {
    "mocha": {
      "version": "7.0.1"
    },
    "mochawesome": {
      "options": {
        "quiet": false,
        "reportFilename": "mochawesome",
        "saveHtml": false,
        "saveJson": true,
        "consoleReporter": "spec",
        "useInlineDiffs": false,
        "code": true
      },
      "version": "6.2.2"
    },
    "marge": {
      "options": {
        "id": "default",
        "reportDir": "cypress/results/json",
        "overwrite": false,
        "html": false,
        "json": true
      },
      "version": "5.2.0"
    }
  }
}