{
  "stats": {
    "suites": 0,
    "tests": 1,
    "passes": 0,
    "pending": 0,
    "failures": 1,
    "start": "2021-04-19T21:25:29.071Z",
    "end": "2021-04-19T21:25:29.918Z",
    "duration": 847,
    "testsRegistered": 1,
    "passPercent": 0,
    "pendingPercent": 0,
    "other": 0,
    "hasOther": false,
    "skipped": 0,
    "hasSkipped": false
  },
  "results": [
    {
      "uuid": "972e865c-498a-4c99-b1e5-281d2ce9a944",
      "title": "",
      "fullFile": "cypress/integration/orders/orders.js",
      "file": "cypress/integration/orders/orders.js",
      "beforeHooks": [],
      "afterHooks": [],
      "tests": [
        {
          "title": "An uncaught error was detected outside of a test",
          "fullTitle": "An uncaught error was detected outside of a test",
          "timedOut": null,
          "duration": 290,
          "state": "failed",
          "speed": null,
          "pass": false,
          "fail": true,
          "pending": false,
          "context": null,
          "code": "throw err;",
          "err": {
            "message": "Error: The following error originated from your test code, not from Cypress.\n\n  > Fetching resource at '/__cypress/tests?p=cypress/integration/orders/orders.js' failed\n\nWhen Cypress detects uncaught errors originating from your test code it will automatically fail the current test.\n\nCypress could not associate this error to any specific test.\n\nWe dynamically generated a new test to display this failure.",
            "estack": "Error: The following error originated from your test code, not from Cypress.\n\n  > Fetching resource at '/__cypress/tests?p=cypress/integration/orders/orders.js' failed\n\nWhen Cypress detects uncaught errors originating from your test code it will automatically fail the current test.\n\nCypress could not associate this error to any specific test.\n\nWe dynamically generated a new test to display this failure.\n    at XMLHttpRequest.xhr.onerror (http://localhost:9000/__cypress/runner/cypress_runner.js:175990:14)",
            "diff": null
          },
          "uuid": "1d5c7df9-8b37-4c70-945f-f00a86918046",
          "parentUUID": "972e865c-498a-4c99-b1e5-281d2ce9a944",
          "isHook": false,
          "skipped": false
        }
      ],
      "suites": [],
      "passes": [],
      "failures": [
        "1d5c7df9-8b37-4c70-945f-f00a86918046"
      ],
      "pending": [],
      "skipped": [],
      "duration": 290,
      "root": true,
      "rootEmpty": false,
      "_timeout": 2000
    }
  ],
  "meta": {
    "mocha": {
      "version": "7.0.1"
    },
    "mochawesome": {
      "options": {
        "quiet": false,
        "reportFilename": "mochawesome",
        "saveHtml": false,
        "saveJson": true,
        "consoleReporter": "spec",
        "useInlineDiffs": false,
        "code": true
      },
      "version": "6.2.2"
    },
    "marge": {
      "options": {
        "id": "default",
        "reportDir": "cypress/results/json",
        "overwrite": false,
        "html": false,
        "json": true
      },
      "version": "5.2.0"
    }
  }
}