{
  "stats": {
    "suites": 19,
    "tests": 68,
    "passes": 1,
    "pending": 4,
    "failures": 34,
    "start": "2021-04-19T21:22:56.912Z",
    "end": "2021-04-19T21:46:01.039Z",
    "duration": 110770,
    "testsRegistered": 68,
    "passPercent": 1.4705882352941178,
    "pendingPercent": 5.882352941176471,
    "other": 0,
    "hasOther": false,
    "skipped": 29,
    "hasSkipped": true
  },
  "results": [
    {
      "uuid": "03268727-c7c9-483c-9ab4-0fc85e38ce08",
      "title": "",
      "fullFile": "cypress/integration/configuration/channels.js",
      "file": "cypress/integration/configuration/channels.js",
      "beforeHooks": [],
      "afterHooks": [],
      "tests": [],
      "suites": [
        {
          "uuid": "fc06d3a6-ad42-4fb7-b6c5-75874ceec0e9",
          "title": "Channels",
          "fullFile": "",
          "file": "",
          "beforeHooks": [],
          "afterHooks": [],
          "tests": [
            {
              "title": "should navigate to channels page",
              "fullTitle": "Channels should navigate to channels page",
              "timedOut": null,
              "duration": 3713,
              "state": "failed",
              "speed": null,
              "pass": false,
              "fail": true,
              "pending": false,
              "context": "[\n  \"-- before all hook (failed).png\",\n  {\n    \"title\": \"Failed screenshot\",\n    \"value\": \"screenshots/configuration/channels.js/Channels -- should navigate to channels page -- before all hook (failed).png\"\n  }\n]",
              "code": "return itCallback(func);",
              "err": {
                "message": "CypressError: `cy.request()` requires a `url`. You did not provide a `url`.\n\nhttps://on.cypress.io/request\n\nBecause this error occurred during a `before all` hook we are skipping the remaining tests in the current suite: `Channels`\n\nAlthough you have test retries enabled, we do not retry tests when `before all` or `after all` hooks fail",
                "estack": "CypressError: `cy.request()` requires a `url`. You did not provide a `url`.\n\nhttps://on.cypress.io/request\n\nBecause this error occurred during a `before all` hook we are skipping the remaining tests in the current suite: `Channels`\n\nAlthough you have test retries enabled, we do not retry tests when `before all` or `after all` hooks fail\n    at Context.request (http://localhost:9000/__cypress/runner/cypress_runner.js:160140:19)\nFrom Your Spec Code:\n    at Context.eval (http://localhost:9000/__cypress/tests?p=cypress/support/index.js:400:13)",
                "diff": null
              },
              "uuid": "019872b9-24d4-4ac9-8052-94f77f8813f6",
              "parentUUID": "fc06d3a6-ad42-4fb7-b6c5-75874ceec0e9",
              "isHook": false,
              "skipped": false
            },
            {
              "title": "should create new channel",
              "fullTitle": "Channels should create new channel",
              "timedOut": null,
              "duration": 0,
              "state": "skipped",
              "speed": null,
              "pass": false,
              "fail": false,
              "pending": false,
              "context": null,
              "code": "return itCallback(func);",
              "err": {},
              "uuid": "0191f2fa-253a-4a8c-9495-64d346671823",
              "parentUUID": "fc06d3a6-ad42-4fb7-b6c5-75874ceec0e9",
              "isHook": false,
              "skipped": true
            },
            {
              "title": "should validate slug name",
              "fullTitle": "Channels should validate slug name",
              "timedOut": null,
              "duration": 0,
              "state": "skipped",
              "speed": null,
              "pass": false,
              "fail": false,
              "pending": false,
              "context": null,
              "code": "return itCallback(func);",
              "err": {},
              "uuid": "6d8aa229-1364-4ffb-8f31-a4f33394f499",
              "parentUUID": "fc06d3a6-ad42-4fb7-b6c5-75874ceec0e9",
              "isHook": false,
              "skipped": true
            },
            {
              "title": "should validate duplicated currency",
              "fullTitle": "Channels should validate duplicated currency",
              "timedOut": null,
              "duration": 0,
              "state": "skipped",
              "speed": null,
              "pass": false,
              "fail": false,
              "pending": false,
              "context": null,
              "code": "return itCallback(func);",
              "err": {},
              "uuid": "918d05eb-98dd-444b-9c53-59938cf34398",
              "parentUUID": "fc06d3a6-ad42-4fb7-b6c5-75874ceec0e9",
              "isHook": false,
              "skipped": true
            },
            {
              "title": "should delete channel",
              "fullTitle": "Channels should delete channel",
              "timedOut": null,
              "duration": 0,
              "state": "skipped",
              "speed": null,
              "pass": false,
              "fail": false,
              "pending": false,
              "context": null,
              "code": "return itCallback(func);",
              "err": {},
              "uuid": "d8e6af85-25c9-4ffe-8977-fb1e44ad9129",
              "parentUUID": "fc06d3a6-ad42-4fb7-b6c5-75874ceec0e9",
              "isHook": false,
              "skipped": true
            },
            {
              "title": "should not be possible to add products to order with inactive channel",
              "fullTitle": "Channels should not be possible to add products to order with inactive channel",
              "timedOut": null,
              "duration": 0,
              "state": "skipped",
              "speed": null,
              "pass": false,
              "fail": false,
              "pending": false,
              "context": null,
              "code": "return itCallback(func);",
              "err": {},
              "uuid": "2272df24-ea0b-4173-9ba2-4709fc4ce0b5",
              "parentUUID": "fc06d3a6-ad42-4fb7-b6c5-75874ceec0e9",
              "isHook": false,
              "skipped": true
            }
          ],
          "suites": [],
          "passes": [],
          "failures": [
            "019872b9-24d4-4ac9-8052-94f77f8813f6"
          ],
          "pending": [],
          "skipped": [
            "0191f2fa-253a-4a8c-9495-64d346671823",
            "6d8aa229-1364-4ffb-8f31-a4f33394f499",
            "918d05eb-98dd-444b-9c53-59938cf34398",
            "d8e6af85-25c9-4ffe-8977-fb1e44ad9129",
            "2272df24-ea0b-4173-9ba2-4709fc4ce0b5"
          ],
          "duration": 3713,
          "root": false,
          "rootEmpty": false,
          "_timeout": 2000
        }
      ],
      "passes": [],
      "failures": [],
      "pending": [],
      "skipped": [],
      "duration": 0,
      "root": true,
      "rootEmpty": true,
      "_timeout": 2000
    },
    {
      "uuid": "5cb9fa7e-dd0f-4b3d-a341-2ee5d1f4fbea",
      "title": "",
      "fullFile": "cypress/integration/configuration/shippingMethod.js",
      "file": "cypress/integration/configuration/shippingMethod.js",
      "beforeHooks": [],
      "afterHooks": [],
      "tests": [],
      "suites": [
        {
          "uuid": "50faa868-e901-49ef-8aec-1932d88432f3",
          "title": "Shipping methods",
          "fullFile": "",
          "file": "",
          "beforeHooks": [],
          "afterHooks": [],
          "tests": [
            {
              "title": "should display different price for each channel",
              "fullTitle": "Shipping methods should display different price for each channel",
              "timedOut": null,
              "duration": 3601,
              "state": "failed",
              "speed": null,
              "pass": false,
              "fail": true,
              "pending": false,
              "context": "[\n  \"-- before all hook (failed).png\",\n  {\n    \"title\": \"Failed screenshot\",\n    \"value\": \"screenshots/configuration/shippingMethod.js/Shipping methods -- should display different price for each channel -- before all hook (failed).png\"\n  }\n]",
              "code": "return itCallback(func);",
              "err": {
                "message": "CypressError: `cy.request()` requires a `url`. You did not provide a `url`.\n\nhttps://on.cypress.io/request\n\nBecause this error occurred during a `before all` hook we are skipping the remaining tests in the current suite: `Shipping methods`\n\nAlthough you have test retries enabled, we do not retry tests when `before all` or `after all` hooks fail",
                "estack": "CypressError: `cy.request()` requires a `url`. You did not provide a `url`.\n\nhttps://on.cypress.io/request\n\nBecause this error occurred during a `before all` hook we are skipping the remaining tests in the current suite: `Shipping methods`\n\nAlthough you have test retries enabled, we do not retry tests when `before all` or `after all` hooks fail\n    at Context.request (http://localhost:9000/__cypress/runner/cypress_runner.js:160140:19)\nFrom Your Spec Code:\n    at Context.eval (http://localhost:9000/__cypress/tests?p=cypress/support/index.js:400:13)",
                "diff": null
              },
              "uuid": "14f2ba7d-e59c-4725-a851-5fc145bee222",
              "parentUUID": "50faa868-e901-49ef-8aec-1932d88432f3",
              "isHook": false,
              "skipped": false
            },
            {
              "title": "should create price based shipping method",
              "fullTitle": "Shipping methods should create price based shipping method",
              "timedOut": null,
              "duration": 0,
              "state": "skipped",
              "speed": null,
              "pass": false,
              "fail": false,
              "pending": false,
              "context": null,
              "code": "return itCallback(func);",
              "err": {},
              "uuid": "349b3bf9-d9f2-4682-92db-91b8f9704df2",
              "parentUUID": "50faa868-e901-49ef-8aec-1932d88432f3",
              "isHook": false,
              "skipped": true
            },
            {
              "title": "should create weight based shipping method",
              "fullTitle": "Shipping methods should create weight based shipping method",
              "timedOut": null,
              "duration": 0,
              "state": "skipped",
              "speed": null,
              "pass": false,
              "fail": false,
              "pending": false,
              "context": null,
              "code": "return itCallback(func);",
              "err": {},
              "uuid": "fe1da216-a227-4ac4-ba53-c55d229bbb93",
              "parentUUID": "50faa868-e901-49ef-8aec-1932d88432f3",
              "isHook": false,
              "skipped": true
            }
          ],
          "suites": [],
          "passes": [],
          "failures": [
            "14f2ba7d-e59c-4725-a851-5fc145bee222"
          ],
          "pending": [],
          "skipped": [
            "349b3bf9-d9f2-4682-92db-91b8f9704df2",
            "fe1da216-a227-4ac4-ba53-c55d229bbb93"
          ],
          "duration": 3601,
          "root": false,
          "rootEmpty": false,
          "_timeout": 2000
        }
      ],
      "passes": [],
      "failures": [],
      "pending": [],
      "skipped": [],
      "duration": 0,
      "root": true,
      "rootEmpty": true,
      "_timeout": 2000
    },
    {
      "uuid": "9c4cea00-ccca-4934-87a4-7fcd984327fd",
      "title": "",
      "fullFile": "cypress/integration/configuration/warehouse.js",
      "file": "cypress/integration/configuration/warehouse.js",
      "beforeHooks": [],
      "afterHooks": [],
      "tests": [],
      "suites": [
        {
          "uuid": "051eb68a-ffdc-4d32-935f-ef38d8233b76",
          "title": "Warehouse settings",
          "fullFile": "",
          "file": "",
          "beforeHooks": [],
          "afterHooks": [],
          "tests": [
            {
              "title": "Warehouse section visible in the configuration",
              "fullTitle": "Warehouse settings Warehouse section visible in the configuration",
              "timedOut": null,
              "duration": 0,
              "state": "pending",
              "speed": null,
              "pass": false,
              "fail": false,
              "pending": true,
              "context": null,
              "code": "",
              "err": {},
              "uuid": "471be46a-f865-4acc-bccd-9d4bf65126d7",
              "parentUUID": "051eb68a-ffdc-4d32-935f-ef38d8233b76",
              "isHook": false,
              "skipped": false
            },
            {
              "title": "Editing warehouse is available",
              "fullTitle": "Warehouse settings Editing warehouse is available",
              "timedOut": null,
              "duration": 0,
              "state": "pending",
              "speed": null,
              "pass": false,
              "fail": false,
              "pending": true,
              "context": null,
              "code": "",
              "err": {},
              "uuid": "cf34d538-f4d8-4c43-8d77-bbfc7fb6eadf",
              "parentUUID": "051eb68a-ffdc-4d32-935f-ef38d8233b76",
              "isHook": false,
              "skipped": false
            }
          ],
          "suites": [],
          "passes": [],
          "failures": [],
          "pending": [
            "471be46a-f865-4acc-bccd-9d4bf65126d7",
            "cf34d538-f4d8-4c43-8d77-bbfc7fb6eadf"
          ],
          "skipped": [],
          "duration": 0,
          "root": false,
          "rootEmpty": false,
          "_timeout": 2000
        }
      ],
      "passes": [],
      "failures": [],
      "pending": [],
      "skipped": [],
      "duration": 0,
      "root": true,
      "rootEmpty": true,
      "_timeout": 2000
    },
    {
      "uuid": "4f81c774-b2b6-4271-be7e-bb113f2df1bf",
      "title": "",
      "fullFile": "cypress/integration/discounts/sales.js",
      "file": "cypress/integration/discounts/sales.js",
      "beforeHooks": [],
      "afterHooks": [],
      "tests": [],
      "suites": [
        {
          "uuid": "e9d3e93d-f34d-444f-8f35-33c1131de3dc",
          "title": "Sales discounts",
          "fullFile": "",
          "file": "",
          "beforeHooks": [],
          "afterHooks": [],
          "tests": [
            {
              "title": "should create percentage discount",
              "fullTitle": "Sales discounts should create percentage discount",
              "timedOut": null,
              "duration": 3498,
              "state": "failed",
              "speed": null,
              "pass": false,
              "fail": true,
              "pending": false,
              "context": "[\n  \"-- before all hook (failed).png\",\n  {\n    \"title\": \"Failed screenshot\",\n    \"value\": \"screenshots/discounts/sales.js/Sales discounts -- should create percentage discount -- before all hook (failed).png\"\n  }\n]",
              "code": "return itCallback(func);",
              "err": {
                "message": "CypressError: `cy.request()` requires a `url`. You did not provide a `url`.\n\nhttps://on.cypress.io/request\n\nBecause this error occurred during a `before all` hook we are skipping the remaining tests in the current suite: `Sales discounts`\n\nAlthough you have test retries enabled, we do not retry tests when `before all` or `after all` hooks fail",
                "estack": "CypressError: `cy.request()` requires a `url`. You did not provide a `url`.\n\nhttps://on.cypress.io/request\n\nBecause this error occurred during a `before all` hook we are skipping the remaining tests in the current suite: `Sales discounts`\n\nAlthough you have test retries enabled, we do not retry tests when `before all` or `after all` hooks fail\n    at Context.request (http://localhost:9000/__cypress/runner/cypress_runner.js:160140:19)\nFrom Your Spec Code:\n    at Context.eval (http://localhost:9000/__cypress/tests?p=cypress/support/index.js:400:13)",
                "diff": null
              },
              "uuid": "61d7ade8-3555-4c8d-adc3-4a04b658c4b8",
              "parentUUID": "e9d3e93d-f34d-444f-8f35-33c1131de3dc",
              "isHook": false,
              "skipped": false
            },
            {
              "title": "should create fixed price discount",
              "fullTitle": "Sales discounts should create fixed price discount",
              "timedOut": null,
              "duration": 0,
              "state": "skipped",
              "speed": null,
              "pass": false,
              "fail": false,
              "pending": false,
              "context": null,
              "code": "return itCallback(func);",
              "err": {},
              "uuid": "ef4c20fb-1814-4241-95e7-3ea6941d96a3",
              "parentUUID": "e9d3e93d-f34d-444f-8f35-33c1131de3dc",
              "isHook": false,
              "skipped": true
            },
            {
              "title": "should not displayed discount not assign to channel",
              "fullTitle": "Sales discounts should not displayed discount not assign to channel",
              "timedOut": null,
              "duration": 0,
              "state": "skipped",
              "speed": null,
              "pass": false,
              "fail": false,
              "pending": false,
              "context": null,
              "code": "return itCallback(func);",
              "err": {},
              "uuid": "eb2e18c7-aec4-4377-aa77-5aa1bd7ed651",
              "parentUUID": "e9d3e93d-f34d-444f-8f35-33c1131de3dc",
              "isHook": false,
              "skipped": true
            }
          ],
          "suites": [],
          "passes": [],
          "failures": [
            "61d7ade8-3555-4c8d-adc3-4a04b658c4b8"
          ],
          "pending": [],
          "skipped": [
            "ef4c20fb-1814-4241-95e7-3ea6941d96a3",
            "eb2e18c7-aec4-4377-aa77-5aa1bd7ed651"
          ],
          "duration": 3498,
          "root": false,
          "rootEmpty": false,
          "_timeout": 2000
        }
      ],
      "passes": [],
      "failures": [],
      "pending": [],
      "skipped": [],
      "duration": 0,
      "root": true,
      "rootEmpty": true,
      "_timeout": 2000
    },
    {
      "uuid": "ea8c609a-23aa-46cc-baf4-d02691d06108",
      "title": "",
      "fullFile": "cypress/integration/discounts/vouchers.js",
      "file": "cypress/integration/discounts/vouchers.js",
      "beforeHooks": [],
      "afterHooks": [],
      "tests": [],
      "suites": [
        {
          "uuid": "7b3dbdb1-b348-4389-bd33-c0b9662406d3",
          "title": "Vouchers discounts",
          "fullFile": "",
          "file": "",
          "beforeHooks": [],
          "afterHooks": [],
          "tests": [
            {
              "title": "should create percentage voucher",
              "fullTitle": "Vouchers discounts should create percentage voucher",
              "timedOut": null,
              "duration": 3446,
              "state": "failed",
              "speed": null,
              "pass": false,
              "fail": true,
              "pending": false,
              "context": "[\n  \"-- before all hook (failed).png\",\n  {\n    \"title\": \"Failed screenshot\",\n    \"value\": \"screenshots/discounts/vouchers.js/Vouchers discounts -- should create percentage voucher -- before all hook (failed).png\"\n  }\n]",
              "code": "return itCallback(func);",
              "err": {
                "message": "CypressError: `cy.request()` requires a `url`. You did not provide a `url`.\n\nhttps://on.cypress.io/request\n\nBecause this error occurred during a `before all` hook we are skipping the remaining tests in the current suite: `Vouchers discounts`\n\nAlthough you have test retries enabled, we do not retry tests when `before all` or `after all` hooks fail",
                "estack": "CypressError: `cy.request()` requires a `url`. You did not provide a `url`.\n\nhttps://on.cypress.io/request\n\nBecause this error occurred during a `before all` hook we are skipping the remaining tests in the current suite: `Vouchers discounts`\n\nAlthough you have test retries enabled, we do not retry tests when `before all` or `after all` hooks fail\n    at Context.request (http://localhost:9000/__cypress/runner/cypress_runner.js:160140:19)\nFrom Your Spec Code:\n    at Context.eval (http://localhost:9000/__cypress/tests?p=cypress/support/index.js:400:13)",
                "diff": null
              },
              "uuid": "72cebb13-1f1f-4abf-b9fe-c41aa2456660",
              "parentUUID": "7b3dbdb1-b348-4389-bd33-c0b9662406d3",
              "isHook": false,
              "skipped": false
            },
            {
              "title": "should create fixed price voucher",
              "fullTitle": "Vouchers discounts should create fixed price voucher",
              "timedOut": null,
              "duration": 0,
              "state": "skipped",
              "speed": null,
              "pass": false,
              "fail": false,
              "pending": false,
              "context": null,
              "code": "return itCallback(func);",
              "err": {},
              "uuid": "c095f1c1-b03f-41f7-bc6a-a17d737ad1d6",
              "parentUUID": "7b3dbdb1-b348-4389-bd33-c0b9662406d3",
              "isHook": false,
              "skipped": true
            },
            {
              "title": "should create free shipping voucher",
              "fullTitle": "Vouchers discounts should create free shipping voucher",
              "timedOut": null,
              "duration": 0,
              "state": "skipped",
              "speed": null,
              "pass": false,
              "fail": false,
              "pending": true,
              "context": null,
              "code": "",
              "err": {},
              "uuid": "f95bc255-f465-4217-ad7a-01d8d9126cf5",
              "parentUUID": "7b3dbdb1-b348-4389-bd33-c0b9662406d3",
              "isHook": false,
              "skipped": false
            },
            {
              "title": "should create voucher not available for selected channel",
              "fullTitle": "Vouchers discounts should create voucher not available for selected channel",
              "timedOut": null,
              "duration": 0,
              "state": "skipped",
              "speed": null,
              "pass": false,
              "fail": false,
              "pending": false,
              "context": null,
              "code": "return itCallback(func);",
              "err": {},
              "uuid": "a5ca6928-4624-4964-a524-56e86aea0af3",
              "parentUUID": "7b3dbdb1-b348-4389-bd33-c0b9662406d3",
              "isHook": false,
              "skipped": true
            }
          ],
          "suites": [],
          "passes": [],
          "failures": [
            "72cebb13-1f1f-4abf-b9fe-c41aa2456660"
          ],
          "pending": [
            "f95bc255-f465-4217-ad7a-01d8d9126cf5"
          ],
          "skipped": [
            "c095f1c1-b03f-41f7-bc6a-a17d737ad1d6",
            "a5ca6928-4624-4964-a524-56e86aea0af3"
          ],
          "duration": 3446,
          "root": false,
          "rootEmpty": false,
          "_timeout": 2000
        }
      ],
      "passes": [],
      "failures": [],
      "pending": [],
      "skipped": [],
      "duration": 0,
      "root": true,
      "rootEmpty": true,
      "_timeout": 2000
    },
    {
      "uuid": "75e0f61c-bb92-4da0-b6b2-bc9216f88154",
      "title": "",
      "fullFile": "cypress/integration/homePage/homePage.js",
      "file": "cypress/integration/homePage/homePage.js",
      "beforeHooks": [],
      "afterHooks": [],
      "tests": [],
      "suites": [
        {
          "uuid": "1463bc08-d461-407a-8d09-e47816c471ed",
          "title": "Displaying welcome message on home page",
          "fullFile": "",
          "file": "",
          "beforeHooks": [],
          "afterHooks": [],
          "tests": [
            {
              "title": "should display user name on home page",
              "fullTitle": "Displaying welcome message on home page should display user name on home page",
              "timedOut": null,
              "duration": 289,
              "state": "failed",
              "speed": null,
              "pass": false,
              "fail": true,
              "pending": false,
              "context": "[\n  \"-- before all hook (failed).png\",\n  {\n    \"title\": \"Failed screenshot\",\n    \"value\": \"screenshots/homePage/homePage.js/Displaying welcome message on home page -- should display user name on home page (failed) (attempt 3).png\"\n  }\n]",
              "code": "return itCallback(func);",
              "err": {
                "message": "CypressError: `cy.request()` requires a `url`. You did not provide a `url`.\n\nhttps://on.cypress.io/request",
                "estack": "CypressError: `cy.request()` requires a `url`. You did not provide a `url`.\n\nhttps://on.cypress.io/request\n    at Context.request (http://localhost:9000/__cypress/runner/cypress_runner.js:160140:19)\nFrom Your Spec Code:\n    at Context.eval (http://localhost:9000/__cypress/tests?p=cypress/support/index.js:400:13)",
                "diff": null
              },
              "uuid": "1fa63318-2e16-4386-86bd-f5b4943ef1a1",
              "parentUUID": "1463bc08-d461-407a-8d09-e47816c471ed",
              "isHook": false,
              "skipped": false
            },
            {
              "title": "should display user email on home page",
              "fullTitle": "Displaying welcome message on home page should display user email on home page",
              "timedOut": null,
              "duration": 299,
              "state": "failed",
              "speed": null,
              "pass": false,
              "fail": true,
              "pending": false,
              "context": "[\n  \"-- before all hook (failed).png\",\n  {\n    \"title\": \"Failed screenshot\",\n    \"value\": \"screenshots/homePage/homePage.js/Displaying welcome message on home page -- should display user email on home page (failed) (attempt 3).png\"\n  }\n]",
              "code": "return itCallback(func);",
              "err": {
                "message": "CypressError: `cy.request()` requires a `url`. You did not provide a `url`.\n\nhttps://on.cypress.io/request",
                "estack": "CypressError: `cy.request()` requires a `url`. You did not provide a `url`.\n\nhttps://on.cypress.io/request\n    at Context.request (http://localhost:9000/__cypress/runner/cypress_runner.js:160140:19)\nFrom Your Spec Code:\n    at Context.eval (http://localhost:9000/__cypress/tests?p=cypress/support/index.js:400:13)",
                "diff": null
              },
              "uuid": "06a1a825-49d5-4913-b5b5-f8142da1c3dd",
              "parentUUID": "1463bc08-d461-407a-8d09-e47816c471ed",
              "isHook": false,
              "skipped": false
            }
          ],
          "suites": [],
          "passes": [],
          "failures": [
            "1fa63318-2e16-4386-86bd-f5b4943ef1a1",
            "06a1a825-49d5-4913-b5b5-f8142da1c3dd"
          ],
          "pending": [],
          "skipped": [],
          "duration": 588,
          "root": false,
          "rootEmpty": false,
          "_timeout": 2000
        }
      ],
      "passes": [],
      "failures": [],
      "pending": [],
      "skipped": [],
      "duration": 0,
      "root": true,
      "rootEmpty": true,
      "_timeout": 2000
    },
    {
      "uuid": "50423c72-5c0a-437c-8d45-67323e63398d",
      "title": "",
      "fullFile": "cypress/integration/homePage/homePageAnalitics.js",
      "file": "cypress/integration/homePage/homePageAnalitics.js",
      "beforeHooks": [],
      "afterHooks": [],
      "tests": [],
      "suites": [
        {
          "uuid": "f13e119a-3096-4010-b95c-6bdcbfec60b8",
          "title": "Homepage analytics",
          "fullFile": "",
          "file": "",
          "beforeHooks": [],
          "afterHooks": [],
          "tests": [
            {
              "title": "should all elements be visible on the dashboard",
              "fullTitle": "Homepage analytics should all elements be visible on the dashboard",
              "timedOut": null,
              "duration": 3468,
              "state": "failed",
              "speed": null,
              "pass": false,
              "fail": true,
              "pending": false,
              "context": "[\n  \"-- before all hook (failed).png\",\n  {\n    \"title\": \"Failed screenshot\",\n    \"value\": \"screenshots/homePage/homePageAnalitics.js/Homepage analytics -- should all elements be visible on the dashboard -- before all hook (failed).png\"\n  }\n]",
              "code": "return itCallback(func);",
              "err": {
                "message": "CypressError: `cy.request()` requires a `url`. You did not provide a `url`.\n\nhttps://on.cypress.io/request\n\nBecause this error occurred during a `before all` hook we are skipping the remaining tests in the current suite: `Homepage analytics`\n\nAlthough you have test retries enabled, we do not retry tests when `before all` or `after all` hooks fail",
                "estack": "CypressError: `cy.request()` requires a `url`. You did not provide a `url`.\n\nhttps://on.cypress.io/request\n\nBecause this error occurred during a `before all` hook we are skipping the remaining tests in the current suite: `Homepage analytics`\n\nAlthough you have test retries enabled, we do not retry tests when `before all` or `after all` hooks fail\n    at Context.request (http://localhost:9000/__cypress/runner/cypress_runner.js:160140:19)\nFrom Your Spec Code:\n    at Context.eval (http://localhost:9000/__cypress/tests?p=cypress/support/index.js:400:13)",
                "diff": null
              },
              "uuid": "3058364b-61c8-4885-a68d-928446df5a50",
              "parentUUID": "f13e119a-3096-4010-b95c-6bdcbfec60b8",
              "isHook": false,
              "skipped": false
            },
            {
              "title": "should correct amount of ready to fullfil orders be displayed",
              "fullTitle": "Homepage analytics should correct amount of ready to fullfil orders be displayed",
              "timedOut": null,
              "duration": 0,
              "state": "skipped",
              "speed": null,
              "pass": false,
              "fail": false,
              "pending": false,
              "context": null,
              "code": "return itCallback(func);",
              "err": {},
              "uuid": "b38c7300-1809-4716-ba44-e3ecc8c35c14",
              "parentUUID": "f13e119a-3096-4010-b95c-6bdcbfec60b8",
              "isHook": false,
              "skipped": true
            },
            {
              "title": "should correct amount of payments waiting for capture be displayed",
              "fullTitle": "Homepage analytics should correct amount of payments waiting for capture be displayed",
              "timedOut": null,
              "duration": 0,
              "state": "skipped",
              "speed": null,
              "pass": false,
              "fail": false,
              "pending": false,
              "context": null,
              "code": "return itCallback(func);",
              "err": {},
              "uuid": "5f2f3846-276d-45f9-9390-b25bf704d265",
              "parentUUID": "f13e119a-3096-4010-b95c-6bdcbfec60b8",
              "isHook": false,
              "skipped": true
            },
            {
              "title": "should correct amount of products out of stock be displayed",
              "fullTitle": "Homepage analytics should correct amount of products out of stock be displayed",
              "timedOut": null,
              "duration": 0,
              "state": "skipped",
              "speed": null,
              "pass": false,
              "fail": false,
              "pending": false,
              "context": null,
              "code": "return itCallback(func);",
              "err": {},
              "uuid": "8cddbd2d-c208-4105-a7e6-1c0509ae1e71",
              "parentUUID": "f13e119a-3096-4010-b95c-6bdcbfec60b8",
              "isHook": false,
              "skipped": true
            },
            {
              "title": "should correct amount of sales be displayed",
              "fullTitle": "Homepage analytics should correct amount of sales be displayed",
              "timedOut": null,
              "duration": 0,
              "state": "skipped",
              "speed": null,
              "pass": false,
              "fail": false,
              "pending": false,
              "context": null,
              "code": "return itCallback(func);",
              "err": {},
              "uuid": "458e627f-41f7-489e-b6e5-2e834efbbc0a",
              "parentUUID": "f13e119a-3096-4010-b95c-6bdcbfec60b8",
              "isHook": false,
              "skipped": true
            },
            {
              "title": "should correct amount of orders be displayed",
              "fullTitle": "Homepage analytics should correct amount of orders be displayed",
              "timedOut": null,
              "duration": 0,
              "state": "skipped",
              "speed": null,
              "pass": false,
              "fail": false,
              "pending": false,
              "context": null,
              "code": "return itCallback(func);",
              "err": {},
              "uuid": "5faf02a7-6046-4a87-8a7d-336c7f114508",
              "parentUUID": "f13e119a-3096-4010-b95c-6bdcbfec60b8",
              "isHook": false,
              "skipped": true
            }
          ],
          "suites": [],
          "passes": [],
          "failures": [
            "3058364b-61c8-4885-a68d-928446df5a50"
          ],
          "pending": [],
          "skipped": [
            "b38c7300-1809-4716-ba44-e3ecc8c35c14",
            "5f2f3846-276d-45f9-9390-b25bf704d265",
            "8cddbd2d-c208-4105-a7e6-1c0509ae1e71",
            "458e627f-41f7-489e-b6e5-2e834efbbc0a",
            "5faf02a7-6046-4a87-8a7d-336c7f114508"
          ],
          "duration": 3468,
          "root": false,
          "rootEmpty": false,
          "_timeout": 2000
        }
      ],
      "passes": [],
      "failures": [],
      "pending": [],
      "skipped": [],
      "duration": 0,
      "root": true,
      "rootEmpty": true,
      "_timeout": 2000
    },
    {
      "uuid": "acdaaf67-e17d-4ef8-ab21-accc5e3e52a3",
      "title": "",
      "fullFile": "cypress/integration/login_form.js",
      "file": "cypress/integration/login_form.js",
      "beforeHooks": [],
      "afterHooks": [],
      "tests": [],
      "suites": [
        {
          "uuid": "5e095d3b-fe53-4ad0-996c-30ae4cd5e08f",
          "title": "User authorization",
          "fullFile": "",
          "file": "",
          "beforeHooks": [],
          "afterHooks": [],
          "tests": [
            {
              "title": "should successfully log in an user",
              "fullTitle": "User authorization should successfully log in an user",
              "timedOut": null,
              "duration": 1835,
              "state": "failed",
              "speed": null,
              "pass": false,
              "fail": true,
              "pending": false,
              "context": "[\n  \"-- before all hook (failed).png\",\n  {\n    \"title\": \"Failed screenshot\",\n    \"value\": \"screenshots/login_form.js/User authorization -- should successfully log in an user (failed) (attempt 3).png\"\n  }\n]",
              "code": "return itCallback(func);",
              "err": {
                "message": "CypressError: `cy.type()` can only accept a string or number. You passed in: `undefined`\n\nhttps://on.cypress.io/type",
                "estack": "CypressError: `cy.type()` can only accept a string or number. You passed in: `undefined`\n\nhttps://on.cypress.io/type\n    at Context.type (http://localhost:9000/__cypress/runner/cypress_runner.js:154981:17)\n    at Context.<anonymous> (http://localhost:9000/__cypress/runner/cypress_runner.js:171546:21)\nFrom Your Spec Code:\n    at Assertion../cypress/support/softAssertions/index.js.chai.Assertion.assert (http://localhost:9000/__cypress/tests?p=cypress/support/index.js:469:21)",
                "diff": null
              },
              "uuid": "65c16c5f-e3e8-4e48-991f-8d5f2e7f59f1",
              "parentUUID": "5e095d3b-fe53-4ad0-996c-30ae4cd5e08f",
              "isHook": false,
              "skipped": false
            },
            {
              "title": "should fail for wrong password",
              "fullTitle": "User authorization should fail for wrong password",
              "timedOut": null,
              "duration": 3847,
              "state": "passed",
              "speed": "slow",
              "pass": true,
              "fail": false,
              "pending": false,
              "context": null,
              "code": "return itCallback(func);",
              "err": {},
              "uuid": "6ede51e2-8b38-4b08-afd5-0958178c319d",
              "parentUUID": "5e095d3b-fe53-4ad0-996c-30ae4cd5e08f",
              "isHook": false,
              "skipped": false
            },
            {
              "title": "should successfully log out an user",
              "fullTitle": "User authorization should successfully log out an user",
              "timedOut": null,
              "duration": 1731,
              "state": "failed",
              "speed": null,
              "pass": false,
              "fail": true,
              "pending": false,
              "context": "[\n  \"-- before all hook (failed).png\",\n  {\n    \"title\": \"Failed screenshot\",\n    \"value\": \"screenshots/login_form.js/User authorization -- should successfully log out an user (failed) (attempt 3).png\"\n  }\n]",
              "code": "return itCallback(func);",
              "err": {
                "message": "CypressError: `cy.type()` can only accept a string or number. You passed in: `undefined`\n\nhttps://on.cypress.io/type",
                "estack": "CypressError: `cy.type()` can only accept a string or number. You passed in: `undefined`\n\nhttps://on.cypress.io/type\n    at Context.type (http://localhost:9000/__cypress/runner/cypress_runner.js:154981:17)\n    at Context.<anonymous> (http://localhost:9000/__cypress/runner/cypress_runner.js:171546:21)\nFrom Your Spec Code:\n    at Assertion../cypress/support/softAssertions/index.js.chai.Assertion.assert (http://localhost:9000/__cypress/tests?p=cypress/support/index.js:469:21)",
                "diff": null
              },
              "uuid": "4122204c-5179-4aa1-a991-cca426a38b08",
              "parentUUID": "5e095d3b-fe53-4ad0-996c-30ae4cd5e08f",
              "isHook": false,
              "skipped": false
            }
          ],
          "suites": [],
          "passes": [
            "6ede51e2-8b38-4b08-afd5-0958178c319d"
          ],
          "failures": [
            "65c16c5f-e3e8-4e48-991f-8d5f2e7f59f1",
            "4122204c-5179-4aa1-a991-cca426a38b08"
          ],
          "pending": [],
          "skipped": [],
          "duration": 7413,
          "root": false,
          "rootEmpty": false,
          "_timeout": 2000
        }
      ],
      "passes": [],
      "failures": [],
      "pending": [],
      "skipped": [],
      "duration": 0,
      "root": true,
      "rootEmpty": true,
      "_timeout": 2000
    },
    {
      "uuid": "90e9f6c4-a308-4589-9850-c82a41a769d9",
      "title": "",
      "fullFile": "cypress/integration/navigation.js",
      "file": "cypress/integration/navigation.js",
      "beforeHooks": [],
      "afterHooks": [],
      "tests": [],
      "suites": [
        {
          "uuid": "76fbaa6a-69aa-4b8f-a6c6-658f98b5c431",
          "title": "Navigation for users with different permissions",
          "fullFile": "",
          "file": "",
          "beforeHooks": [],
          "afterHooks": [],
          "tests": [
            {
              "title": "should navigate as an user with all permission",
              "fullTitle": "Navigation for users with different permissions should navigate as an user with all permission",
              "timedOut": null,
              "duration": 893,
              "state": "failed",
              "speed": null,
              "pass": false,
              "fail": true,
              "pending": false,
              "context": "[\n  \"-- before all hook (failed).png\",\n  {\n    \"title\": \"Failed screenshot\",\n    \"value\": \"screenshots/navigation.js/Navigation for users with different permissions -- should navigate as an user with all permission (failed) (attempt 3).png\"\n  }\n]",
              "code": "return itCallback(func);",
              "err": {
                "message": "CypressError: `cy.request()` requires a `url`. You did not provide a `url`.\n\nhttps://on.cypress.io/request",
                "estack": "CypressError: `cy.request()` requires a `url`. You did not provide a `url`.\n\nhttps://on.cypress.io/request\n    at Context.request (http://localhost:9000/__cypress/runner/cypress_runner.js:160140:19)\nFrom Your Spec Code:\n    at Context.eval (http://localhost:9000/__cypress/tests?p=cypress/support/index.js:400:13)",
                "diff": null
              },
              "uuid": "be11f9ff-e514-492a-a5f5-2564af9dd01f",
              "parentUUID": "76fbaa6a-69aa-4b8f-a6c6-658f98b5c431",
              "isHook": false,
              "skipped": false
            },
            {
              "title": "should navigate as an user with app permission",
              "fullTitle": "Navigation for users with different permissions should navigate as an user with app permission",
              "timedOut": null,
              "duration": 796,
              "state": "failed",
              "speed": null,
              "pass": false,
              "fail": true,
              "pending": false,
              "context": "[\n  \"-- before all hook (failed).png\",\n  {\n    \"title\": \"Failed screenshot\",\n    \"value\": \"screenshots/navigation.js/Navigation for users with different permissions -- should navigate as an user with app permission (failed) (attempt 3).png\"\n  }\n]",
              "code": "return itCallback(func);",
              "err": {
                "message": "CypressError: `cy.request()` requires a `url`. You did not provide a `url`.\n\nhttps://on.cypress.io/request",
                "estack": "CypressError: `cy.request()` requires a `url`. You did not provide a `url`.\n\nhttps://on.cypress.io/request\n    at Context.request (http://localhost:9000/__cypress/runner/cypress_runner.js:160140:19)\nFrom Your Spec Code:\n    at Context.eval (http://localhost:9000/__cypress/tests?p=cypress/support/index.js:400:13)",
                "diff": null
              },
              "uuid": "5a6b9f69-0f0f-426c-932d-e4496eec67b4",
              "parentUUID": "76fbaa6a-69aa-4b8f-a6c6-658f98b5c431",
              "isHook": false,
              "skipped": false
            },
            {
              "title": "should navigate as an user with customer permission",
              "fullTitle": "Navigation for users with different permissions should navigate as an user with customer permission",
              "timedOut": null,
              "duration": 840,
              "state": "failed",
              "speed": null,
              "pass": false,
              "fail": true,
              "pending": false,
              "context": "[\n  \"-- before all hook (failed).png\",\n  {\n    \"title\": \"Failed screenshot\",\n    \"value\": \"screenshots/navigation.js/Navigation for users with different permissions -- should navigate as an user with customer permission (failed) (attempt 3).png\"\n  }\n]",
              "code": "return itCallback(func);",
              "err": {
                "message": "CypressError: `cy.request()` requires a `url`. You did not provide a `url`.\n\nhttps://on.cypress.io/request",
                "estack": "CypressError: `cy.request()` requires a `url`. You did not provide a `url`.\n\nhttps://on.cypress.io/request\n    at Context.request (http://localhost:9000/__cypress/runner/cypress_runner.js:160140:19)\nFrom Your Spec Code:\n    at Context.eval (http://localhost:9000/__cypress/tests?p=cypress/support/index.js:400:13)",
                "diff": null
              },
              "uuid": "e585fab9-d7ce-4f65-9eed-6c5f971bef13",
              "parentUUID": "76fbaa6a-69aa-4b8f-a6c6-658f98b5c431",
              "isHook": false,
              "skipped": false
            },
            {
              "title": "should navigate as an user with discount permission",
              "fullTitle": "Navigation for users with different permissions should navigate as an user with discount permission",
              "timedOut": null,
              "duration": 844,
              "state": "failed",
              "speed": null,
              "pass": false,
              "fail": true,
              "pending": false,
              "context": "[\n  \"-- before all hook (failed).png\",\n  {\n    \"title\": \"Failed screenshot\",\n    \"value\": \"screenshots/navigation.js/Navigation for users with different permissions -- should navigate as an user with discount permission (failed) (attempt 3).png\"\n  }\n]",
              "code": "return itCallback(func);",
              "err": {
                "message": "CypressError: `cy.request()` requires a `url`. You did not provide a `url`.\n\nhttps://on.cypress.io/request",
                "estack": "CypressError: `cy.request()` requires a `url`. You did not provide a `url`.\n\nhttps://on.cypress.io/request\n    at Context.request (http://localhost:9000/__cypress/runner/cypress_runner.js:160140:19)\nFrom Your Spec Code:\n    at Context.eval (http://localhost:9000/__cypress/tests?p=cypress/support/index.js:400:13)",
                "diff": null
              },
              "uuid": "c8cd7c15-6f6a-4292-953f-1a1e87c506ee",
              "parentUUID": "76fbaa6a-69aa-4b8f-a6c6-658f98b5c431",
              "isHook": false,
              "skipped": false
            },
            {
              "title": "should navigate as an user with giftCard permission",
              "fullTitle": "Navigation for users with different permissions should navigate as an user with giftCard permission",
              "timedOut": null,
              "duration": 839,
              "state": "failed",
              "speed": null,
              "pass": false,
              "fail": true,
              "pending": false,
              "context": "[\n  \"-- before all hook (failed).png\",\n  {\n    \"title\": \"Failed screenshot\",\n    \"value\": \"screenshots/navigation.js/Navigation for users with different permissions -- should navigate as an user with giftCard permission (failed) (attempt 3).png\"\n  }\n]",
              "code": "return itCallback(func);",
              "err": {
                "message": "CypressError: `cy.request()` requires a `url`. You did not provide a `url`.\n\nhttps://on.cypress.io/request",
                "estack": "CypressError: `cy.request()` requires a `url`. You did not provide a `url`.\n\nhttps://on.cypress.io/request\n    at Context.request (http://localhost:9000/__cypress/runner/cypress_runner.js:160140:19)\nFrom Your Spec Code:\n    at Context.eval (http://localhost:9000/__cypress/tests?p=cypress/support/index.js:400:13)",
                "diff": null
              },
              "uuid": "c02437e0-f31e-4457-a896-4359b37b7938",
              "parentUUID": "76fbaa6a-69aa-4b8f-a6c6-658f98b5c431",
              "isHook": false,
              "skipped": false
            },
            {
              "title": "should navigate as an user with order permission",
              "fullTitle": "Navigation for users with different permissions should navigate as an user with order permission",
              "timedOut": null,
              "duration": 849,
              "state": "failed",
              "speed": null,
              "pass": false,
              "fail": true,
              "pending": false,
              "context": "[\n  \"-- before all hook (failed).png\",\n  {\n    \"title\": \"Failed screenshot\",\n    \"value\": \"screenshots/navigation.js/Navigation for users with different permissions -- should navigate as an user with order permission (failed) (attempt 3).png\"\n  }\n]",
              "code": "return itCallback(func);",
              "err": {
                "message": "CypressError: `cy.request()` requires a `url`. You did not provide a `url`.\n\nhttps://on.cypress.io/request",
                "estack": "CypressError: `cy.request()` requires a `url`. You did not provide a `url`.\n\nhttps://on.cypress.io/request\n    at Context.request (http://localhost:9000/__cypress/runner/cypress_runner.js:160140:19)\nFrom Your Spec Code:\n    at Context.eval (http://localhost:9000/__cypress/tests?p=cypress/support/index.js:400:13)",
                "diff": null
              },
              "uuid": "b510ca4e-c629-437f-93a3-03f5db6d73cc",
              "parentUUID": "76fbaa6a-69aa-4b8f-a6c6-658f98b5c431",
              "isHook": false,
              "skipped": false
            },
            {
              "title": "should navigate as an user with page permission",
              "fullTitle": "Navigation for users with different permissions should navigate as an user with page permission",
              "timedOut": null,
              "duration": 843,
              "state": "failed",
              "speed": null,
              "pass": false,
              "fail": true,
              "pending": false,
              "context": "[\n  \"-- before all hook (failed).png\",\n  {\n    \"title\": \"Failed screenshot\",\n    \"value\": \"screenshots/navigation.js/Navigation for users with different permissions -- should navigate as an user with page permission (failed) (attempt 3).png\"\n  }\n]",
              "code": "return itCallback(func);",
              "err": {
                "message": "CypressError: `cy.request()` requires a `url`. You did not provide a `url`.\n\nhttps://on.cypress.io/request",
                "estack": "CypressError: `cy.request()` requires a `url`. You did not provide a `url`.\n\nhttps://on.cypress.io/request\n    at Context.request (http://localhost:9000/__cypress/runner/cypress_runner.js:160140:19)\nFrom Your Spec Code:\n    at Context.eval (http://localhost:9000/__cypress/tests?p=cypress/support/index.js:400:13)",
                "diff": null
              },
              "uuid": "3ee3b9c4-6d79-4be9-92b7-afc41ed6745b",
              "parentUUID": "76fbaa6a-69aa-4b8f-a6c6-658f98b5c431",
              "isHook": false,
              "skipped": false
            },
            {
              "title": "should navigate as an user with pageTypeAndAttribute permission",
              "fullTitle": "Navigation for users with different permissions should navigate as an user with pageTypeAndAttribute permission",
              "timedOut": null,
              "duration": 851,
              "state": "failed",
              "speed": null,
              "pass": false,
              "fail": true,
              "pending": false,
              "context": "[\n  \"-- before all hook (failed).png\",\n  {\n    \"title\": \"Failed screenshot\",\n    \"value\": \"screenshots/navigation.js/Navigation for users with different permissions -- should navigate as an user with pageTypeAndAttribute permission (failed) (attempt 3).png\"\n  }\n]",
              "code": "return itCallback(func);",
              "err": {
                "message": "CypressError: `cy.request()` requires a `url`. You did not provide a `url`.\n\nhttps://on.cypress.io/request",
                "estack": "CypressError: `cy.request()` requires a `url`. You did not provide a `url`.\n\nhttps://on.cypress.io/request\n    at Context.request (http://localhost:9000/__cypress/runner/cypress_runner.js:160140:19)\nFrom Your Spec Code:\n    at Context.eval (http://localhost:9000/__cypress/tests?p=cypress/support/index.js:400:13)",
                "diff": null
              },
              "uuid": "e5bbafbe-3e77-4d20-ac0a-c47ec263a777",
              "parentUUID": "76fbaa6a-69aa-4b8f-a6c6-658f98b5c431",
              "isHook": false,
              "skipped": false
            },
            {
              "title": "should navigate as an user with plugin permission",
              "fullTitle": "Navigation for users with different permissions should navigate as an user with plugin permission",
              "timedOut": null,
              "duration": 845,
              "state": "failed",
              "speed": null,
              "pass": false,
              "fail": true,
              "pending": false,
              "context": "[\n  \"-- before all hook (failed).png\",\n  {\n    \"title\": \"Failed screenshot\",\n    \"value\": \"screenshots/navigation.js/Navigation for users with different permissions -- should navigate as an user with plugin permission (failed) (attempt 3).png\"\n  }\n]",
              "code": "return itCallback(func);",
              "err": {
                "message": "CypressError: `cy.request()` requires a `url`. You did not provide a `url`.\n\nhttps://on.cypress.io/request",
                "estack": "CypressError: `cy.request()` requires a `url`. You did not provide a `url`.\n\nhttps://on.cypress.io/request\n    at Context.request (http://localhost:9000/__cypress/runner/cypress_runner.js:160140:19)\nFrom Your Spec Code:\n    at Context.eval (http://localhost:9000/__cypress/tests?p=cypress/support/index.js:400:13)",
                "diff": null
              },
              "uuid": "08a70545-27d8-48bc-a602-82fbf32497e8",
              "parentUUID": "76fbaa6a-69aa-4b8f-a6c6-658f98b5c431",
              "isHook": false,
              "skipped": false
            },
            {
              "title": "should navigate as an user with product permission",
              "fullTitle": "Navigation for users with different permissions should navigate as an user with product permission",
              "timedOut": null,
              "duration": 919,
              "state": "failed",
              "speed": null,
              "pass": false,
              "fail": true,
              "pending": false,
              "context": "[\n  \"-- before all hook (failed).png\",\n  {\n    \"title\": \"Failed screenshot\",\n    \"value\": \"screenshots/navigation.js/Navigation for users with different permissions -- should navigate as an user with product permission (failed) (attempt 3).png\"\n  }\n]",
              "code": "return itCallback(func);",
              "err": {
                "message": "CypressError: `cy.request()` requires a `url`. You did not provide a `url`.\n\nhttps://on.cypress.io/request",
                "estack": "CypressError: `cy.request()` requires a `url`. You did not provide a `url`.\n\nhttps://on.cypress.io/request\n    at Context.request (http://localhost:9000/__cypress/runner/cypress_runner.js:160140:19)\nFrom Your Spec Code:\n    at Context.eval (http://localhost:9000/__cypress/tests?p=cypress/support/index.js:400:13)",
                "diff": null
              },
              "uuid": "b8192c94-f581-46d4-a936-17bfce813834",
              "parentUUID": "76fbaa6a-69aa-4b8f-a6c6-658f98b5c431",
              "isHook": false,
              "skipped": false
            },
            {
              "title": "should navigate as an user with productTypeAndAttribute permission",
              "fullTitle": "Navigation for users with different permissions should navigate as an user with productTypeAndAttribute permission",
              "timedOut": null,
              "duration": 933,
              "state": "failed",
              "speed": null,
              "pass": false,
              "fail": true,
              "pending": false,
              "context": "[\n  \"-- before all hook (failed).png\",\n  {\n    \"title\": \"Failed screenshot\",\n    \"value\": \"screenshots/navigation.js/Navigation for users with different permissions -- should navigate as an user with productTypeAndAttribute permission (failed) (attempt 3).png\"\n  }\n]",
              "code": "return itCallback(func);",
              "err": {
                "message": "CypressError: `cy.request()` requires a `url`. You did not provide a `url`.\n\nhttps://on.cypress.io/request",
                "estack": "CypressError: `cy.request()` requires a `url`. You did not provide a `url`.\n\nhttps://on.cypress.io/request\n    at Context.request (http://localhost:9000/__cypress/runner/cypress_runner.js:160140:19)\nFrom Your Spec Code:\n    at Context.eval (http://localhost:9000/__cypress/tests?p=cypress/support/index.js:400:13)",
                "diff": null
              },
              "uuid": "1563bfbd-3aa6-4185-bf14-a207b579798d",
              "parentUUID": "76fbaa6a-69aa-4b8f-a6c6-658f98b5c431",
              "isHook": false,
              "skipped": false
            },
            {
              "title": "should navigate as an user with settings permission",
              "fullTitle": "Navigation for users with different permissions should navigate as an user with settings permission",
              "timedOut": null,
              "duration": 888,
              "state": "failed",
              "speed": null,
              "pass": false,
              "fail": true,
              "pending": false,
              "context": "[\n  \"-- before all hook (failed).png\",\n  {\n    \"title\": \"Failed screenshot\",\n    \"value\": \"screenshots/navigation.js/Navigation for users with different permissions -- should navigate as an user with settings permission (failed) (attempt 3).png\"\n  }\n]",
              "code": "return itCallback(func);",
              "err": {
                "message": "CypressError: `cy.request()` requires a `url`. You did not provide a `url`.\n\nhttps://on.cypress.io/request",
                "estack": "CypressError: `cy.request()` requires a `url`. You did not provide a `url`.\n\nhttps://on.cypress.io/request\n    at Context.request (http://localhost:9000/__cypress/runner/cypress_runner.js:160140:19)\nFrom Your Spec Code:\n    at Context.eval (http://localhost:9000/__cypress/tests?p=cypress/support/index.js:400:13)",
                "diff": null
              },
              "uuid": "29e32faa-0375-4017-84e8-da24f82b2b07",
              "parentUUID": "76fbaa6a-69aa-4b8f-a6c6-658f98b5c431",
              "isHook": false,
              "skipped": false
            },
            {
              "title": "should navigate as an user with shipping permission",
              "fullTitle": "Navigation for users with different permissions should navigate as an user with shipping permission",
              "timedOut": null,
              "duration": 910,
              "state": "failed",
              "speed": null,
              "pass": false,
              "fail": true,
              "pending": false,
              "context": "[\n  \"-- before all hook (failed).png\",\n  {\n    \"title\": \"Failed screenshot\",\n    \"value\": \"screenshots/navigation.js/Navigation for users with different permissions -- should navigate as an user with shipping permission (failed) (attempt 3).png\"\n  }\n]",
              "code": "return itCallback(func);",
              "err": {
                "message": "CypressError: `cy.request()` requires a `url`. You did not provide a `url`.\n\nhttps://on.cypress.io/request",
                "estack": "CypressError: `cy.request()` requires a `url`. You did not provide a `url`.\n\nhttps://on.cypress.io/request\n    at Context.request (http://localhost:9000/__cypress/runner/cypress_runner.js:160140:19)\nFrom Your Spec Code:\n    at Context.eval (http://localhost:9000/__cypress/tests?p=cypress/support/index.js:400:13)",
                "diff": null
              },
              "uuid": "2d8c89f6-9e1d-418d-92f4-0ef61ae2d925",
              "parentUUID": "76fbaa6a-69aa-4b8f-a6c6-658f98b5c431",
              "isHook": false,
              "skipped": false
            },
            {
              "title": "should navigate as an user with staff permission",
              "fullTitle": "Navigation for users with different permissions should navigate as an user with staff permission",
              "timedOut": null,
              "duration": 979,
              "state": "failed",
              "speed": null,
              "pass": false,
              "fail": true,
              "pending": false,
              "context": "[\n  \"-- before all hook (failed).png\",\n  {\n    \"title\": \"Failed screenshot\",\n    \"value\": \"screenshots/navigation.js/Navigation for users with different permissions -- should navigate as an user with staff permission (failed) (attempt 3).png\"\n  }\n]",
              "code": "return itCallback(func);",
              "err": {
                "message": "CypressError: `cy.request()` requires a `url`. You did not provide a `url`.\n\nhttps://on.cypress.io/request",
                "estack": "CypressError: `cy.request()` requires a `url`. You did not provide a `url`.\n\nhttps://on.cypress.io/request\n    at Context.request (http://localhost:9000/__cypress/runner/cypress_runner.js:160140:19)\nFrom Your Spec Code:\n    at Context.eval (http://localhost:9000/__cypress/tests?p=cypress/support/index.js:400:13)",
                "diff": null
              },
              "uuid": "f732f54d-e1af-49fb-a81a-9b5501c50981",
              "parentUUID": "76fbaa6a-69aa-4b8f-a6c6-658f98b5c431",
              "isHook": false,
              "skipped": false
            },
            {
              "title": "should navigate as an user with translations permission",
              "fullTitle": "Navigation for users with different permissions should navigate as an user with translations permission",
              "timedOut": null,
              "duration": 1000,
              "state": "failed",
              "speed": null,
              "pass": false,
              "fail": true,
              "pending": false,
              "context": "[\n  \"-- before all hook (failed).png\",\n  {\n    \"title\": \"Failed screenshot\",\n    \"value\": \"screenshots/navigation.js/Navigation for users with different permissions -- should navigate as an user with translations permission (failed) (attempt 3).png\"\n  }\n]",
              "code": "return itCallback(func);",
              "err": {
                "message": "CypressError: `cy.request()` requires a `url`. You did not provide a `url`.\n\nhttps://on.cypress.io/request",
                "estack": "CypressError: `cy.request()` requires a `url`. You did not provide a `url`.\n\nhttps://on.cypress.io/request\n    at Context.request (http://localhost:9000/__cypress/runner/cypress_runner.js:160140:19)\nFrom Your Spec Code:\n    at Context.eval (http://localhost:9000/__cypress/tests?p=cypress/support/index.js:400:13)",
                "diff": null
              },
              "uuid": "d10d1a59-eff5-4124-ad21-1551a6b7c78f",
              "parentUUID": "76fbaa6a-69aa-4b8f-a6c6-658f98b5c431",
              "isHook": false,
              "skipped": false
            }
          ],
          "suites": [],
          "passes": [],
          "failures": [
            "be11f9ff-e514-492a-a5f5-2564af9dd01f",
            "5a6b9f69-0f0f-426c-932d-e4496eec67b4",
            "e585fab9-d7ce-4f65-9eed-6c5f971bef13",
            "c8cd7c15-6f6a-4292-953f-1a1e87c506ee",
            "c02437e0-f31e-4457-a896-4359b37b7938",
            "b510ca4e-c629-437f-93a3-03f5db6d73cc",
            "3ee3b9c4-6d79-4be9-92b7-afc41ed6745b",
            "e5bbafbe-3e77-4d20-ac0a-c47ec263a777",
            "08a70545-27d8-48bc-a602-82fbf32497e8",
            "b8192c94-f581-46d4-a936-17bfce813834",
            "1563bfbd-3aa6-4185-bf14-a207b579798d",
            "29e32faa-0375-4017-84e8-da24f82b2b07",
            "2d8c89f6-9e1d-418d-92f4-0ef61ae2d925",
            "f732f54d-e1af-49fb-a81a-9b5501c50981",
            "d10d1a59-eff5-4124-ad21-1551a6b7c78f"
          ],
          "pending": [],
          "skipped": [],
          "duration": 13229,
          "root": false,
          "rootEmpty": false,
          "_timeout": 2000
        }
      ],
      "passes": [],
      "failures": [],
      "pending": [],
      "skipped": [],
      "duration": 0,
      "root": true,
      "rootEmpty": true,
      "_timeout": 2000
    },
    {
      "uuid": "84fcf88d-5cfb-44a2-803b-fa6e5c0ede52",
      "title": "",
      "fullFile": "cypress/integration/orders/channelsInDraftOrders.js",
      "file": "cypress/integration/orders/channelsInDraftOrders.js",
      "beforeHooks": [],
      "afterHooks": [],
      "tests": [],
      "suites": [
        {
          "uuid": "bdb30d8d-5123-468e-aa44-52089012428f",
          "title": "Channels in draft orders",
          "fullFile": "",
          "file": "",
          "beforeHooks": [],
          "afterHooks": [],
          "tests": [
            {
              "title": "Draft order channel should be taken from global channel picker",
              "fullTitle": "Channels in draft orders Draft order channel should be taken from global channel picker",
              "timedOut": null,
              "duration": 3506,
              "state": "failed",
              "speed": null,
              "pass": false,
              "fail": true,
              "pending": false,
              "context": "[\n  \"-- before all hook (failed).png\",\n  {\n    \"title\": \"Failed screenshot\",\n    \"value\": \"screenshots/orders/channelsInDraftOrders.js/Channels in draft orders -- Draft order channel should be taken from global channel picker -- before all hook (failed).png\"\n  }\n]",
              "code": "return itCallback(func);",
              "err": {
                "message": "CypressError: `cy.request()` requires a `url`. You did not provide a `url`.\n\nhttps://on.cypress.io/request\n\nBecause this error occurred during a `before all` hook we are skipping the remaining tests in the current suite: `Channels in draft orders`\n\nAlthough you have test retries enabled, we do not retry tests when `before all` or `after all` hooks fail",
                "estack": "CypressError: `cy.request()` requires a `url`. You did not provide a `url`.\n\nhttps://on.cypress.io/request\n\nBecause this error occurred during a `before all` hook we are skipping the remaining tests in the current suite: `Channels in draft orders`\n\nAlthough you have test retries enabled, we do not retry tests when `before all` or `after all` hooks fail\n    at Context.request (http://localhost:9000/__cypress/runner/cypress_runner.js:160140:19)\nFrom Your Spec Code:\n    at Context.eval (http://localhost:9000/__cypress/tests?p=cypress/support/index.js:400:13)",
                "diff": null
              },
              "uuid": "231322bb-1df4-4440-9b20-e6defd9f0e03",
              "parentUUID": "bdb30d8d-5123-468e-aa44-52089012428f",
              "isHook": false,
              "skipped": false
            },
            {
              "title": "Draft order channel should be taken from global channel picker when changed",
              "fullTitle": "Channels in draft orders Draft order channel should be taken from global channel picker when changed",
              "timedOut": null,
              "duration": 0,
              "state": "skipped",
              "speed": null,
              "pass": false,
              "fail": false,
              "pending": false,
              "context": null,
              "code": "return itCallback(func);",
              "err": {},
              "uuid": "00524ed4-cd9b-4c5b-8eb4-a512dcf41528",
              "parentUUID": "bdb30d8d-5123-468e-aa44-52089012428f",
              "isHook": false,
              "skipped": true
            },
            {
              "title": "should create draft order with chosen channel",
              "fullTitle": "Channels in draft orders should create draft order with chosen channel",
              "timedOut": null,
              "duration": 0,
              "state": "skipped",
              "speed": null,
              "pass": false,
              "fail": false,
              "pending": false,
              "context": null,
              "code": "return itCallback(func);",
              "err": {},
              "uuid": "99f9a874-adff-45e5-9d63-100437e7133c",
              "parentUUID": "bdb30d8d-5123-468e-aa44-52089012428f",
              "isHook": false,
              "skipped": true
            }
          ],
          "suites": [],
          "passes": [],
          "failures": [
            "231322bb-1df4-4440-9b20-e6defd9f0e03"
          ],
          "pending": [],
          "skipped": [
            "00524ed4-cd9b-4c5b-8eb4-a512dcf41528",
            "99f9a874-adff-45e5-9d63-100437e7133c"
          ],
          "duration": 3506,
          "root": false,
          "rootEmpty": false,
          "_timeout": 2000
        }
      ],
      "passes": [],
      "failures": [],
      "pending": [],
      "skipped": [],
      "duration": 0,
      "root": true,
      "rootEmpty": true,
      "_timeout": 2000
    },
    {
      "uuid": "a0d40298-a834-4904-8838-db29424e28f8",
      "title": "",
      "fullFile": "cypress/integration/orders/draftOrders.js",
      "file": "cypress/integration/orders/draftOrders.js",
      "beforeHooks": [],
      "afterHooks": [],
      "tests": [],
      "suites": [
        {
          "uuid": "e634a4b2-6f1d-4fda-b8cb-68678b4dfe84",
          "title": "Draft orders",
          "fullFile": "",
          "file": "",
          "beforeHooks": [],
          "afterHooks": [],
          "tests": [
            {
              "title": "should move draft order to orders",
              "fullTitle": "Draft orders should move draft order to orders",
              "timedOut": null,
              "duration": 3461,
              "state": "failed",
              "speed": null,
              "pass": false,
              "fail": true,
              "pending": false,
              "context": "[\n  \"-- before all hook (failed).png\",\n  {\n    \"title\": \"Failed screenshot\",\n    \"value\": \"screenshots/orders/draftOrders.js/Draft orders -- should move draft order to orders -- before all hook (failed).png\"\n  }\n]",
              "code": "return itCallback(func);",
              "err": {
                "message": "CypressError: `cy.request()` requires a `url`. You did not provide a `url`.\n\nhttps://on.cypress.io/request\n\nBecause this error occurred during a `before all` hook we are skipping the remaining tests in the current suite: `Draft orders`\n\nAlthough you have test retries enabled, we do not retry tests when `before all` or `after all` hooks fail",
                "estack": "CypressError: `cy.request()` requires a `url`. You did not provide a `url`.\n\nhttps://on.cypress.io/request\n\nBecause this error occurred during a `before all` hook we are skipping the remaining tests in the current suite: `Draft orders`\n\nAlthough you have test retries enabled, we do not retry tests when `before all` or `after all` hooks fail\n    at Context.request (http://localhost:9000/__cypress/runner/cypress_runner.js:160140:19)\nFrom Your Spec Code:\n    at Context.eval (http://localhost:9000/__cypress/tests?p=cypress/support/index.js:400:13)",
                "diff": null
              },
              "uuid": "805c246f-e211-458f-b0db-be9efca3522a",
              "parentUUID": "e634a4b2-6f1d-4fda-b8cb-68678b4dfe84",
              "isHook": false,
              "skipped": false
            }
          ],
          "suites": [],
          "passes": [],
          "failures": [
            "805c246f-e211-458f-b0db-be9efca3522a"
          ],
          "pending": [],
          "skipped": [],
          "duration": 3461,
          "root": false,
          "rootEmpty": false,
          "_timeout": 2000
        }
      ],
      "passes": [],
      "failures": [],
      "pending": [],
      "skipped": [],
      "duration": 0,
      "root": true,
      "rootEmpty": true,
      "_timeout": 2000
    },
    {
      "uuid": "972e865c-498a-4c99-b1e5-281d2ce9a944",
      "title": "",
      "fullFile": "cypress/integration/orders/orders.js",
      "file": "cypress/integration/orders/orders.js",
      "beforeHooks": [],
      "afterHooks": [],
      "tests": [
        {
          "title": "An uncaught error was detected outside of a test",
          "fullTitle": "An uncaught error was detected outside of a test",
          "timedOut": null,
          "duration": 290,
          "state": "failed",
          "speed": null,
          "pass": false,
          "fail": true,
          "pending": false,
          "context": null,
          "code": "throw err;",
          "err": {
            "message": "Error: The following error originated from your test code, not from Cypress.\n\n  > Fetching resource at '/__cypress/tests?p=cypress/integration/orders/orders.js' failed\n\nWhen Cypress detects uncaught errors originating from your test code it will automatically fail the current test.\n\nCypress could not associate this error to any specific test.\n\nWe dynamically generated a new test to display this failure.",
            "estack": "Error: The following error originated from your test code, not from Cypress.\n\n  > Fetching resource at '/__cypress/tests?p=cypress/integration/orders/orders.js' failed\n\nWhen Cypress detects uncaught errors originating from your test code it will automatically fail the current test.\n\nCypress could not associate this error to any specific test.\n\nWe dynamically generated a new test to display this failure.\n    at XMLHttpRequest.xhr.onerror (http://localhost:9000/__cypress/runner/cypress_runner.js:175990:14)",
            "diff": null
          },
          "uuid": "1d5c7df9-8b37-4c70-945f-f00a86918046",
          "parentUUID": "972e865c-498a-4c99-b1e5-281d2ce9a944",
          "isHook": false,
          "skipped": false
        }
      ],
      "suites": [],
      "passes": [],
      "failures": [
        "1d5c7df9-8b37-4c70-945f-f00a86918046"
      ],
      "pending": [],
      "skipped": [],
      "duration": 290,
      "root": true,
      "rootEmpty": false,
      "_timeout": 2000
    },
    {
      "uuid": "6b2dd02d-3a24-4353-95fa-0179db18be65",
      "title": "",
      "fullFile": "cypress/integration/products/createProduct.js",
      "file": "cypress/integration/products/createProduct.js",
      "beforeHooks": [],
      "afterHooks": [],
      "tests": [],
      "suites": [
        {
          "uuid": "c3cfdc9e-5fac-49bd-bb6e-abacb2258d9f",
          "title": "Create product",
          "fullFile": "",
          "file": "",
          "beforeHooks": [],
          "afterHooks": [],
          "tests": [
            {
              "title": "should create product with variants",
              "fullTitle": "Create product should create product with variants",
              "timedOut": null,
              "duration": 3467,
              "state": "failed",
              "speed": null,
              "pass": false,
              "fail": true,
              "pending": false,
              "context": "[\n  \"-- before all hook (failed).png\",\n  {\n    \"title\": \"Failed screenshot\",\n    \"value\": \"screenshots/products/createProduct.js/Create product -- should create product with variants -- before all hook (failed).png\"\n  }\n]",
              "code": "return itCallback(func);",
              "err": {
                "message": "CypressError: `cy.request()` requires a `url`. You did not provide a `url`.\n\nhttps://on.cypress.io/request\n\nBecause this error occurred during a `before all` hook we are skipping the remaining tests in the current suite: `Create product`\n\nAlthough you have test retries enabled, we do not retry tests when `before all` or `after all` hooks fail",
                "estack": "CypressError: `cy.request()` requires a `url`. You did not provide a `url`.\n\nhttps://on.cypress.io/request\n\nBecause this error occurred during a `before all` hook we are skipping the remaining tests in the current suite: `Create product`\n\nAlthough you have test retries enabled, we do not retry tests when `before all` or `after all` hooks fail\n    at Context.request (http://localhost:9000/__cypress/runner/cypress_runner.js:160140:19)\nFrom Your Spec Code:\n    at Context.eval (http://localhost:9000/__cypress/tests?p=cypress/support/index.js:400:13)",
                "diff": null
              },
              "uuid": "26319818-97c0-4bd9-b97e-6fbd6cacd2c4",
              "parentUUID": "c3cfdc9e-5fac-49bd-bb6e-abacb2258d9f",
              "isHook": false,
              "skipped": false
            },
            {
              "title": "should create product without variants",
              "fullTitle": "Create product should create product without variants",
              "timedOut": null,
              "duration": 0,
              "state": "skipped",
              "speed": null,
              "pass": false,
              "fail": false,
              "pending": false,
              "context": null,
              "code": "return itCallback(func);",
              "err": {},
              "uuid": "6c7b02e1-3557-4051-9c0c-c04c203994d6",
              "parentUUID": "c3cfdc9e-5fac-49bd-bb6e-abacb2258d9f",
              "isHook": false,
              "skipped": true
            }
          ],
          "suites": [],
          "passes": [],
          "failures": [
            "26319818-97c0-4bd9-b97e-6fbd6cacd2c4"
          ],
          "pending": [],
          "skipped": [
            "6c7b02e1-3557-4051-9c0c-c04c203994d6"
          ],
          "duration": 3467,
          "root": false,
          "rootEmpty": false,
          "_timeout": 2000
        }
      ],
      "passes": [],
      "failures": [],
      "pending": [],
      "skipped": [],
      "duration": 0,
      "root": true,
      "rootEmpty": true,
      "_timeout": 2000
    },
    {
      "uuid": "b00f4d98-96c3-4994-8984-8d8293febbd0",
      "title": "",
      "fullFile": "cypress/integration/products/menageProducts/availableForPurchaseProducts.js",
      "file": "cypress/integration/products/menageProducts/availableForPurchaseProducts.js",
      "beforeHooks": [],
      "afterHooks": [],
      "tests": [],
      "suites": [
        {
          "uuid": "cb865453-3656-45d0-9a4b-6a5142eda0b7",
          "title": "Products available in listings",
          "fullFile": "",
          "file": "",
          "beforeHooks": [],
          "afterHooks": [],
          "tests": [
            {
              "title": "should update product to available for purchase",
              "fullTitle": "Products available in listings should update product to available for purchase",
              "timedOut": null,
              "duration": 3507,
              "state": "failed",
              "speed": null,
              "pass": false,
              "fail": true,
              "pending": false,
              "context": "[\n  \"-- before all hook (failed).png\",\n  {\n    \"title\": \"Failed screenshot\",\n    \"value\": \"screenshots/products/menageProducts/availableForPurchaseProducts.js/Products available in listings -- should update product to available for purchase -- before all hook (failed).png\"\n  }\n]",
              "code": "return itCallback(func);",
              "err": {
[...]
              "skipped": true
            }
          ],
          "suites": [],
          "passes": [],
          "failures": [
            "9325b6c1-61a5-4d86-94b7-69c0b313b2d9"
          ],
          "pending": [],
          "skipped": [
            "cddfc7ae-cb08-47d0-bfaa-d08c293765bd"
          ],
          "duration": 42696,
          "root": false,
          "rootEmpty": false,
          "_timeout": 2000
        }
      ],
      "passes": [],
      "failures": [],
      "pending": [],
      "skipped": [],
      "duration": 0,
      "root": true,
      "rootEmpty": true,
      "_timeout": 2000
    },
    {
      "uuid": "c1c8d8e0-4eab-46fb-81fb-f6be643a698c",
      "title": "",
      "fullFile": "cypress/integration/products/menageProducts/visibleInListingsProducts.js",
      "file": "cypress/integration/products/menageProducts/visibleInListingsProducts.js",
      "beforeHooks": [],
      "afterHooks": [],
      "tests": [],
      "suites": [
        {
          "uuid": "17d8a2ad-12f1-4bf5-a671-ec52ed759b32",
          "title": "Products displayed in listings",
          "fullFile": "",
          "file": "",
          "beforeHooks": [],
          "afterHooks": [],
          "tests": [
            {
              "title": "should update product to visible in listings",
              "fullTitle": "Products displayed in listings should update product to visible in listings",
              "timedOut": null,
              "duration": 3659,
              "state": "failed",
              "speed": null,
              "pass": false,
              "fail": true,
              "pending": false,
              "context": "[\n  \"-- before all hook (failed).png\",\n  {\n    \"title\": \"Failed screenshot\",\n    \"value\": \"screenshots/products/menageProducts/visibleInListingsProducts.js/Products displayed in listings -- should update product to visible in listings -- before all hook (failed).png\"\n  }\n]",
              "code": "return itCallback(func);",
              "err": {
                "message": "CypressError: `cy.request()` requires a `url`. You did not provide a `url`.\n\nhttps://on.cypress.io/request\n\nBecause this error occurred during a `before all` hook we are skipping the remaining tests in the current suite: `Products displayed in listings`\n\nAlthough you have test retries enabled, we do not retry tests when `before all` or `after all` hooks fail",
                "estack": "CypressError: `cy.request()` requires a `url`. You did not provide a `url`.\n\nhttps://on.cypress.io/request\n\nBecause this error occurred during a `before all` hook we are skipping the remaining tests in the current suite: `Products displayed in listings`\n\nAlthough you have test retries enabled, we do not retry tests when `before all` or `after all` hooks fail\n    at Context.request (http://localhost:9000/__cypress/runner/cypress_runner.js:160140:19)\nFrom Your Spec Code:\n    at Context.eval (http://localhost:9000/__cypress/tests?p=cypress/support/index.js:400:13)",
                "diff": null
              },
              "uuid": "cca63e5b-efc1-43a6-9a4e-ef00d588d28b",
              "parentUUID": "17d8a2ad-12f1-4bf5-a671-ec52ed759b32",
              "isHook": false,
              "skipped": false
            },
            {
              "title": "should update product to not visible in listings",
              "fullTitle": "Products displayed in listings should update product to not visible in listings",
              "timedOut": null,
              "duration": 0,
              "state": "skipped",
              "speed": null,
              "pass": false,
              "fail": false,
              "pending": false,
              "context": null,
              "code": "return itCallback(func);",
              "err": {},
              "uuid": "b25cbd31-031c-4d2f-ae84-84497eac5ef7",
              "parentUUID": "17d8a2ad-12f1-4bf5-a671-ec52ed759b32",
              "isHook": false,
              "skipped": true
            }
          ],
          "suites": [],
          "passes": [],
          "failures": [
            "cca63e5b-efc1-43a6-9a4e-ef00d588d28b"
          ],
          "pending": [],
          "skipped": [
            "b25cbd31-031c-4d2f-ae84-84497eac5ef7"
          ],
          "duration": 3659,
          "root": false,
          "rootEmpty": false,
          "_timeout": 2000
        }
      ],
      "passes": [],
      "failures": [],
      "pending": [],
      "skipped": [],
      "duration": 0,
      "root": true,
      "rootEmpty": true,
      "_timeout": 2000
    },
    {
      "uuid": "c470265d-89f2-4302-94f0-cfca06feabc2",
      "title": "",
      "fullFile": "cypress/integration/products/productsList/filteringProducts.js",
      "file": "cypress/integration/products/productsList/filteringProducts.js",
      "beforeHooks": [],
      "afterHooks": [],
      "tests": [],
      "suites": [
        {
          "uuid": "7ee3cef9-b52f-4024-93b2-11d3d90902b4",
          "title": "Products",
          "fullFile": "",
          "file": "",
          "beforeHooks": [],
          "afterHooks": [],
          "tests": [
            {
              "title": "should filter products by category",
              "fullTitle": "Products should filter products by category",
              "timedOut": null,
              "duration": 3512,
              "state": "failed",
              "speed": null,
              "pass": false,
              "fail": true,
              "pending": false,
              "context": "[\n  \"-- before all hook (failed).png\",\n  {\n    \"title\": \"Failed screenshot\",\n    \"value\": \"screenshots/products/productsList/filteringProducts.js/Products -- should filter products by category -- before all hook (failed).png\"\n  }\n]",
              "code": "return itCallback(func);",
              "err": {
                "message": "CypressError: `cy.request()` requires a `url`. You did not provide a `url`.\n\nhttps://on.cypress.io/request\n\nBecause this error occurred during a `before all` hook we are skipping the remaining tests in the current suite: `Products`\n\nAlthough you have test retries enabled, we do not retry tests when `before all` or `after all` hooks fail",
                "estack": "CypressError: `cy.request()` requires a `url`. You did not provide a `url`.\n\nhttps://on.cypress.io/request\n\nBecause this error occurred during a `before all` hook we are skipping the remaining tests in the current suite: `Products`\n\nAlthough you have test retries enabled, we do not retry tests when `before all` or `after all` hooks fail\n    at Context.request (http://localhost:9000/__cypress/runner/cypress_runner.js:160140:19)\nFrom Your Spec Code:\n    at Context.eval (http://localhost:9000/__cypress/tests?p=cypress/support/index.js:400:13)",
                "diff": null
              },
              "uuid": "094b365b-0db8-427c-800f-62b0a5eba90c",
              "parentUUID": "7ee3cef9-b52f-4024-93b2-11d3d90902b4",
              "isHook": false,
              "skipped": false
            },
            {
              "title": "should filter products by collection",
              "fullTitle": "Products should filter products by collection",
              "timedOut": null,
              "duration": 0,
              "state": "skipped",
              "speed": null,
              "pass": false,
              "fail": false,
              "pending": false,
              "context": null,
              "code": "return itCallback(func);",
              "err": {},
              "uuid": "37df5a88-74cd-4fec-b767-a1e3d6699db7",
              "parentUUID": "7ee3cef9-b52f-4024-93b2-11d3d90902b4",
              "isHook": false,
              "skipped": true
            },
            {
              "title": "should filter products by productType",
              "fullTitle": "Products should filter products by productType",
              "timedOut": null,
              "duration": 0,
              "state": "skipped",
              "speed": null,
              "pass": false,
              "fail": false,
              "pending": false,
              "context": null,
              "code": "return itCallback(func);",
              "err": {},
              "uuid": "5ffc14a6-7bd0-4dab-8df1-a7b83fa631f2",
              "parentUUID": "7ee3cef9-b52f-4024-93b2-11d3d90902b4",
              "isHook": false,
              "skipped": true
            },
            {
              "title": "should filter products out of stock",
              "fullTitle": "Products should filter products out of stock",
              "timedOut": null,
              "duration": 0,
              "state": "skipped",
              "speed": null,
              "pass": false,
              "fail": false,
              "pending": false,
              "context": null,
              "code": "return itCallback(func);",
              "err": {},
              "uuid": "875a33b8-0f3f-4ebe-a03c-2ec97df8ced1",
              "parentUUID": "7ee3cef9-b52f-4024-93b2-11d3d90902b4",
              "isHook": false,
              "skipped": true
            }
          ],
          "suites": [],
          "passes": [],
          "failures": [
            "094b365b-0db8-427c-800f-62b0a5eba90c"
          ],
          "pending": [],
          "skipped": [
            "37df5a88-74cd-4fec-b767-a1e3d6699db7",
            "5ffc14a6-7bd0-4dab-8df1-a7b83fa631f2",
            "875a33b8-0f3f-4ebe-a03c-2ec97df8ced1"
          ],
          "duration": 3512,
          "root": false,
          "rootEmpty": false,
          "_timeout": 2000
        }
      ],
      "passes": [],
      "failures": [],
      "pending": [],
      "skipped": [],
      "duration": 0,
      "root": true,
      "rootEmpty": true,
      "_timeout": 2000
    },
    {
      "uuid": "1c722f53-0157-4012-a74e-28b4f451d495",
      "title": "",
      "fullFile": "cypress/integration/products/productsVariants.js",
      "file": "cypress/integration/products/productsVariants.js",
      "beforeHooks": [],
      "afterHooks": [],
      "tests": [],
      "suites": [
        {
          "uuid": "cb67f5ac-d6f0-42d2-8c2e-21ddbdbf332b",
          "title": "Creating variants",
          "fullFile": "",
          "file": "",
          "beforeHooks": [],
          "afterHooks": [],
          "tests": [
            {
              "title": "should create variant visible on frontend",
              "fullTitle": "Creating variants should create variant visible on frontend",
              "timedOut": null,
              "duration": 3523,
              "state": "failed",
              "speed": null,
              "pass": false,
              "fail": true,
              "pending": false,
              "context": "[\n  \"-- before all hook (failed).png\",\n  {\n    \"title\": \"Failed screenshot\",\n    \"value\": \"screenshots/products/productsVariants.js/Creating variants -- should create variant visible on frontend -- before all hook (failed).png\"\n  }\n]",
              "code": "return itCallback(func);",
              "err": {
                "message": "CypressError: `cy.request()` requires a `url`. You did not provide a `url`.\n\nhttps://on.cypress.io/request\n\nBecause this error occurred during a `before all` hook we are skipping the remaining tests in the current suite: `Creating variants`\n\nAlthough you have test retries enabled, we do not retry tests when `before all` or `after all` hooks fail",
                "estack": "CypressError: `cy.request()` requires a `url`. You did not provide a `url`.\n\nhttps://on.cypress.io/request\n\nBecause this error occurred during a `before all` hook we are skipping the remaining tests in the current suite: `Creating variants`\n\nAlthough you have test retries enabled, we do not retry tests when `before all` or `after all` hooks fail\n    at Context.request (http://localhost:9000/__cypress/runner/cypress_runner.js:160140:19)\nFrom Your Spec Code:\n    at Context.eval (http://localhost:9000/__cypress/tests?p=cypress/support/index.js:400:13)",
                "diff": null
              },
              "uuid": "54e6070d-0614-400a-87c2-63246b8520ae",
              "parentUUID": "cb67f5ac-d6f0-42d2-8c2e-21ddbdbf332b",
              "isHook": false,
              "skipped": false
            },
            {
              "title": "should create several variants",
              "fullTitle": "Creating variants should create several variants",
              "timedOut": null,
              "duration": 0,
              "state": "skipped",
              "speed": null,
              "pass": false,
              "fail": false,
              "pending": true,
              "context": null,
              "code": "",
              "err": {},
              "uuid": "90355228-d17c-4c23-98b3-8b13902d84dc",
              "parentUUID": "cb67f5ac-d6f0-42d2-8c2e-21ddbdbf332b",
              "isHook": false,
              "skipped": false
            },
            {
              "title": "should create variant for many channels",
              "fullTitle": "Creating variants should create variant for many channels",
              "timedOut": null,
              "duration": 0,
              "state": "skipped",
              "speed": null,
              "pass": false,
              "fail": false,
              "pending": false,
              "context": null,
              "code": "return itCallback(func);",
              "err": {},
              "uuid": "e4d751c6-fae6-4010-9ab9-6db5a1ffa084",
              "parentUUID": "cb67f5ac-d6f0-42d2-8c2e-21ddbdbf332b",
              "isHook": false,
              "skipped": true
            }
          ],
          "suites": [],
          "passes": [],
          "failures": [
            "54e6070d-0614-400a-87c2-63246b8520ae"
          ],
          "pending": [
            "90355228-d17c-4c23-98b3-8b13902d84dc"
          ],
          "skipped": [
            "e4d751c6-fae6-4010-9ab9-6db5a1ffa084"
          ],
          "duration": 3523,
          "root": false,
          "rootEmpty": false,
          "_timeout": 2000
        }
      ],
      "passes": [],
      "failures": [],
      "pending": [],
      "skipped": [],
      "duration": 0,
      "root": true,
      "rootEmpty": true,
      "_timeout": 2000
    },
    {
      "uuid": "d3a7057f-8368-44c8-a7b9-6c3f38d267bf",
      "title": "",
      "fullFile": "cypress/integration/collections.js",
      "file": "cypress/integration/collections.js",
      "beforeHooks": [],
      "afterHooks": [],
      "tests": [],
      "suites": [
        {
          "uuid": "9dbe0434-3364-47e1-90d1-8bd2c9fcde90",
          "title": "Collections",
          "fullFile": "",
          "file": "",
          "beforeHooks": [],
          "afterHooks": [],
          "tests": [
            {
              "title": "should not display hidden collections",
              "fullTitle": "Collections should not display hidden collections",
              "timedOut": null,
              "duration": 4193,
              "state": "failed",
              "speed": null,
              "pass": false,
              "fail": true,
              "pending": false,
              "context": "[\n  \"-- before all hook (failed).png\",\n  {\n    \"title\": \"Failed screenshot\",\n    \"value\": \"screenshots/collections.js/Collections -- should not display hidden collections -- before all hook (failed).png\"\n  }\n]",
              "code": "return itCallback(func);",
              "err": {
                "message": "CypressError: `cy.request()` requires a `url`. You did not provide a `url`.\n\nhttps://on.cypress.io/request\n\nBecause this error occurred during a `before all` hook we are skipping the remaining tests in the current suite: `Collections`\n\nAlthough you have test retries enabled, we do not retry tests when `before all` or `after all` hooks fail",
                "estack": "CypressError: `cy.request()` requires a `url`. You did not provide a `url`.\n\nhttps://on.cypress.io/request\n\nBecause this error occurred during a `before all` hook we are skipping the remaining tests in the current suite: `Collections`\n\nAlthough you have test retries enabled, we do not retry tests when `before all` or `after all` hooks fail\n    at Context.request (http://localhost:9000/__cypress/runner/cypress_runner.js:160140:19)\nFrom Your Spec Code:\n    at Context.eval (http://localhost:9000/__cypress/tests?p=cypress/support/index.js:400:13)",
                "diff": null
              },
              "uuid": "45654705-1e2d-4753-b77b-4ce36c7b45c7",
              "parentUUID": "9dbe0434-3364-47e1-90d1-8bd2c9fcde90",
              "isHook": false,
              "skipped": false
            },
            {
              "title": "should display collections",
              "fullTitle": "Collections should display collections",
              "timedOut": null,
              "duration": 0,
              "state": "skipped",
              "speed": null,
              "pass": false,
              "fail": false,
              "pending": false,
              "context": null,
              "code": "return itCallback(func);",
              "err": {},
              "uuid": "ac979966-4de9-4ba8-bc00-3b0a9898dfdf",
              "parentUUID": "9dbe0434-3364-47e1-90d1-8bd2c9fcde90",
              "isHook": false,
              "skipped": true
            },
            {
              "title": "should not display collection not set as available in channel",
              "fullTitle": "Collections should not display collection not set as available in channel",
              "timedOut": null,
              "duration": 0,
              "state": "skipped",
              "speed": null,
              "pass": false,
              "fail": false,
              "pending": false,
              "context": null,
              "code": "return itCallback(func);",
              "err": {},
              "uuid": "3cacadd7-6ea7-4c9e-af93-b855b9df77ed",
              "parentUUID": "9dbe0434-3364-47e1-90d1-8bd2c9fcde90",
              "isHook": false,
              "skipped": true
            },
            {
              "title": "should display products hidden in listing",
              "fullTitle": "Collections should display products hidden in listing",
              "timedOut": null,
              "duration": 0,
              "state": "skipped",
              "speed": null,
              "pass": false,
              "fail": false,
              "pending": false,
              "context": null,
              "code": "return itCallback(func);",
              "err": {},
              "uuid": "7b52882b-1a88-4a2c-bb4b-8c736efdcba0",
              "parentUUID": "9dbe0434-3364-47e1-90d1-8bd2c9fcde90",
              "isHook": false,
              "skipped": true
            }
          ],
          "suites": [],
          "passes": [],
          "failures": [
            "45654705-1e2d-4753-b77b-4ce36c7b45c7"
          ],
          "pending": [],
          "skipped": [
            "ac979966-4de9-4ba8-bc00-3b0a9898dfdf",
            "3cacadd7-6ea7-4c9e-af93-b855b9df77ed",
            "7b52882b-1a88-4a2c-bb4b-8c736efdcba0"
          ],
          "duration": 4193,
          "root": false,
          "rootEmpty": false,
          "_timeout": 2000
        }
      ],
      "passes": [],
      "failures": [],
      "pending": [],
      "skipped": [],
      "duration": 0,
      "root": true,
      "rootEmpty": true,
      "_timeout": 2000
    }
  ],
  "meta": {
    "mocha": {
      "version": "7.0.1"
    },
    "mochawesome": {
      "options": {
        "quiet": false,
        "reportFilename": "mochawesome",
        "saveHtml": false,
        "saveJson": true,
        "consoleReporter": "spec",
        "useInlineDiffs": false,
        "code": true
      },
      "version": "6.2.2"
    },
    "marge": {
      "options": {
        "id": "default",
        "reportDir": "cypress/results/json",
        "overwrite": false,
        "html": false,
        "json": true
      },
      "version": "5.2.0"
    }
  }
}